[orchard][flashpatch] FlashAttention monkeypatch NOT ENABLED (USE_FLASH_ATTN!=1)
MPS available: True MPS built: True
`loss_type=None` was set in the config but it is unrecognised.Using the default loss: `ForCausalLMLoss`.
[orchard][no-flash_bs1_seq1024] step 1/40 ( 2.5%)  wall=   2.2s  tps≈  470.3
[orchard][no-flash_bs1_seq1024] step 7/40 (17.5%)  wall=  13.0s  tps≈  551.0
[orchard][no-flash_bs1_seq1024] step 13/40 (32.5%)  wall=  23.3s  tps≈  571.1
[orchard][no-flash_bs1_seq1024] step 19/40 (47.5%)  wall=  33.6s  tps≈  579.7
[DEBUG][BASELINE] Output shape: torch.Size([1, 1024, 768]), dtype: torch.bfloat16
[DEBUG][BASELINE] Output shape: torch.Size([1, 1024, 768]), dtype: torch.bfloat16
[DEBUG][BASELINE] Output shape: torch.Size([1, 1024, 768]), dtype: torch.bfloat16
[DEBUG][BASELINE] Output shape: torch.Size([1, 1024, 768]), dtype: torch.bfloat16
[DEBUG][BASELINE] Output shape: torch.Size([1, 1024, 768]), dtype: torch.bfloat16
[DEBUG][BASELINE] Output shape: torch.Size([1, 1024, 768]), dtype: torch.bfloat16
[DEBUG][BASELINE] Output shape: torch.Size([1, 1024, 768]), dtype: torch.bfloat16
[DEBUG][BASELINE] Output shape: torch.Size([1, 1024, 768]), dtype: torch.bfloat16
[DEBUG][BASELINE] Output shape: torch.Size([1, 1024, 768]), dtype: torch.bfloat16
[DEBUG][BASELINE] Output shape: torch.Size([1, 1024, 768]), dtype: torch.bfloat16
[DEBUG][BASELINE] Output shape: torch.Size([1, 1024, 768]), dtype: torch.bfloat16
[DEBUG][BASELINE] Output shape: torch.Size([1, 1024, 768]), dtype: torch.bfloat16
[DEBUG][BASELINE] Output shape: torch.Size([1, 1024, 768]), dtype: torch.bfloat16
[DEBUG][BASELINE] Output shape: torch.Size([1, 1024, 768]), dtype: torch.bfloat16
[DEBUG][BASELINE] Output shape: torch.Size([1, 1024, 768]), dtype: torch.bfloat16
[DEBUG][BASELINE] Output shape: torch.Size([1, 1024, 768]), dtype: torch.bfloat16
[DEBUG][BASELINE] Output shape: torch.Size([1, 1024, 768]), dtype: torch.bfloat16
[DEBUG][BASELINE] Output shape: torch.Size([1, 1024, 768]), dtype: torch.bfloat16
[DEBUG][BASELINE] Output shape: torch.Size([1, 1024, 768]), dtype: torch.bfloat16
[DEBUG][BASELINE] Output shape: torch.Size([1, 1024, 768]), dtype: torch.bfloat16
[DEBUG][BASELINE] Output shape: torch.Size([1, 1024, 768]), dtype: torch.bfloat16
[DEBUG][BASELINE] Output shape: torch.Size([1, 1024, 768]), dtype: torch.bfloat16
[DEBUG][BASELINE] Output shape: torch.Size([1, 1024, 768]), dtype: torch.bfloat16
[DEBUG][BASELINE] Output shape: torch.Size([1, 1024, 768]), dtype: torch.bfloat16
[DEBUG][BASELINE] Output shape: torch.Size([1, 1024, 768]), dtype: torch.bfloat16
[DEBUG][BASELINE] Output shape: torch.Size([1, 1024, 768]), dtype: torch.bfloat16
[DEBUG][BASELINE] Output shape: torch.Size([1, 1024, 768]), dtype: torch.bfloat16
[DEBUG][BASELINE] Output shape: torch.Size([1, 1024, 768]), dtype: torch.bfloat16
[DEBUG][BASELINE] Output shape: torch.Size([1, 1024, 768]), dtype: torch.bfloat16
[DEBUG][BASELINE] Output shape: torch.Size([1, 1024, 768]), dtype: torch.bfloat16
[DEBUG][BASELINE] Output shape: torch.Size([1, 1024, 768]), dtype: torch.bfloat16
[DEBUG][BASELINE] Output shape: torch.Size([1, 1024, 768]), dtype: torch.bfloat16
[DEBUG][BASELINE] Output shape: torch.Size([1, 1024, 768]), dtype: torch.bfloat16
[DEBUG][BASELINE] Output shape: torch.Size([1, 1024, 768]), dtype: torch.bfloat16
[DEBUG][BASELINE] Output shape: torch.Size([1, 1024, 768]), dtype: torch.bfloat16
[DEBUG][BASELINE] Output shape: torch.Size([1, 1024, 768]), dtype: torch.bfloat16
[DEBUG][BASELINE] Output shape: torch.Size([1, 1024, 768]), dtype: torch.bfloat16
[DEBUG][BASELINE] Output shape: torch.Size([1, 1024, 768]), dtype: torch.bfloat16
[DEBUG][BASELINE] Output shape: torch.Size([1, 1024, 768]), dtype: torch.bfloat16
[DEBUG][BASELINE] Output shape: torch.Size([1, 1024, 768]), dtype: torch.bfloat16
[DEBUG][BASELINE] Output shape: torch.Size([1, 1024, 768]), dtype: torch.bfloat16
[DEBUG][BASELINE] Output shape: torch.Size([1, 1024, 768]), dtype: torch.bfloat16
[DEBUG][BASELINE] Output shape: torch.Size([1, 1024, 768]), dtype: torch.bfloat16
[DEBUG][BASELINE] Output shape: torch.Size([1, 1024, 768]), dtype: torch.bfloat16
[DEBUG][BASELINE] Output shape: torch.Size([1, 1024, 768]), dtype: torch.bfloat16
[DEBUG][BASELINE] Output shape: torch.Size([1, 1024, 768]), dtype: torch.bfloat16
[DEBUG][BASELINE] Output shape: torch.Size([1, 1024, 768]), dtype: torch.bfloat16
[DEBUG][BASELINE] Output shape: torch.Size([1, 1024, 768]), dtype: torch.bfloat16
[DEBUG][BASELINE] Output shape: torch.Size([1, 1024, 768]), dtype: torch.bfloat16
[DEBUG][BASELINE] Output shape: torch.Size([1, 1024, 768]), dtype: torch.bfloat16
[DEBUG][BASELINE] Output shape: torch.Size([1, 1024, 768]), dtype: torch.bfloat16
[DEBUG][BASELINE] Output shape: torch.Size([1, 1024, 768]), dtype: torch.bfloat16
[DEBUG][BASELINE] Output shape: torch.Size([1, 1024, 768]), dtype: torch.bfloat16
[DEBUG][BASELINE] Output shape: torch.Size([1, 1024, 768]), dtype: torch.bfloat16
[DEBUG][BASELINE] Output shape: torch.Size([1, 1024, 768]), dtype: torch.bfloat16
[DEBUG][BASELINE] Output shape: torch.Size([1, 1024, 768]), dtype: torch.bfloat16
[DEBUG][BASELINE] Output shape: torch.Size([1, 1024, 768]), dtype: torch.bfloat16
[DEBUG][BASELINE] Output shape: torch.Size([1, 1024, 768]), dtype: torch.bfloat16
[DEBUG][BASELINE] Output shape: torch.Size([1, 1024, 768]), dtype: torch.bfloat16
[DEBUG][BASELINE] Output shape: torch.Size([1, 1024, 768]), dtype: torch.bfloat16
[DEBUG][BASELINE] Output shape: torch.Size([1, 1024, 768]), dtype: torch.bfloat16
[DEBUG][BASELINE] Output shape: torch.Size([1, 1024, 768]), dtype: torch.bfloat16
[DEBUG][BASELINE] Output shape: torch.Size([1, 1024, 768]), dtype: torch.bfloat16
[DEBUG][BASELINE] Output shape: torch.Size([1, 1024, 768]), dtype: torch.bfloat16
[DEBUG][BASELINE] Output shape: torch.Size([1, 1024, 768]), dtype: torch.bfloat16
[DEBUG][BASELINE] Output shape: torch.Size([1, 1024, 768]), dtype: torch.bfloat16
[DEBUG][BASELINE] Output shape: torch.Size([1, 1024, 768]), dtype: torch.bfloat16
[DEBUG][BASELINE] Output shape: torch.Size([1, 1024, 768]), dtype: torch.bfloat16
[DEBUG][BASELINE] Output shape: torch.Size([1, 1024, 768]), dtype: torch.bfloat16
[DEBUG][BASELINE] Output shape: torch.Size([1, 1024, 768]), dtype: torch.bfloat16
[DEBUG][BASELINE] Output shape: torch.Size([1, 1024, 768]), dtype: torch.bfloat16
[DEBUG][BASELINE] Output shape: torch.Size([1, 1024, 768]), dtype: torch.bfloat16
[DEBUG][BASELINE] Output shape: torch.Size([1, 1024, 768]), dtype: torch.bfloat16
[DEBUG][BASELINE] Output shape: torch.Size([1, 1024, 768]), dtype: torch.bfloat16
[DEBUG][BASELINE] Output shape: torch.Size([1, 1024, 768]), dtype: torch.bfloat16
[DEBUG][BASELINE] Output shape: torch.Size([1, 1024, 768]), dtype: torch.bfloat16
[DEBUG][BASELINE] Output shape: torch.Size([1, 1024, 768]), dtype: torch.bfloat16
[DEBUG][BASELINE] Output shape: torch.Size([1, 1024, 768]), dtype: torch.bfloat16
[DEBUG][BASELINE] Output shape: torch.Size([1, 1024, 768]), dtype: torch.bfloat16
[DEBUG][BASELINE] Output shape: torch.Size([1, 1024, 768]), dtype: torch.bfloat16
[DEBUG][BASELINE] Output shape: torch.Size([1, 1024, 768]), dtype: torch.bfloat16
[DEBUG][BASELINE] Output shape: torch.Size([1, 1024, 768]), dtype: torch.bfloat16
[DEBUG][BASELINE] Output shape: torch.Size([1, 1024, 768]), dtype: torch.bfloat16
[DEBUG][BASELINE] Output shape: torch.Size([1, 1024, 768]), dtype: torch.bfloat16
[DEBUG][BASELINE] Output shape: torch.Size([1, 1024, 768]), dtype: torch.bfloat16
[DEBUG][BASELINE] Output shape: torch.Size([1, 1024, 768]), dtype: torch.bfloat16
[DEBUG][BASELINE] Output shape: torch.Size([1, 1024, 768]), dtype: torch.bfloat16
[DEBUG][BASELINE] Output shape: torch.Size([1, 1024, 768]), dtype: torch.bfloat16
[DEBUG][BASELINE] Output shape: torch.Size([1, 1024, 768]), dtype: torch.bfloat16
[DEBUG][BASELINE] Output shape: torch.Size([1, 1024, 768]), dtype: torch.bfloat16
[DEBUG][BASELINE] Output shape: torch.Size([1, 1024, 768]), dtype: torch.bfloat16
[DEBUG][BASELINE] Output shape: torch.Size([1, 1024, 768]), dtype: torch.bfloat16
[DEBUG][BASELINE] Output shape: torch.Size([1, 1024, 768]), dtype: torch.bfloat16
[DEBUG][BASELINE] Output shape: torch.Size([1, 1024, 768]), dtype: torch.bfloat16
[DEBUG][BASELINE] Output shape: torch.Size([1, 1024, 768]), dtype: torch.bfloat16
[DEBUG][BASELINE] Output shape: torch.Size([1, 1024, 768]), dtype: torch.bfloat16
[DEBUG][BASELINE] Output shape: torch.Size([1, 1024, 768]), dtype: torch.bfloat16
[DEBUG][BASELINE] Output shape: torch.Size([1, 1024, 768]), dtype: torch.bfloat16
[DEBUG][BASELINE] Output shape: torch.Size([1, 1024, 768]), dtype: torch.bfloat16
[DEBUG][BASELINE] Output shape: torch.Size([1, 1024, 768]), dtype: torch.bfloat16
[DEBUG][BASELINE] Output shape: torch.Size([1, 1024, 768]), dtype: torch.bfloat16
[DEBUG][BASELINE] Output shape: torch.Size([1, 1024, 768]), dtype: torch.bfloat16
[DEBUG][BASELINE] Output shape: torch.Size([1, 1024, 768]), dtype: torch.bfloat16
[DEBUG][BASELINE] Output shape: torch.Size([1, 1024, 768]), dtype: torch.bfloat16
[DEBUG][BASELINE] Output shape: torch.Size([1, 1024, 768]), dtype: torch.bfloat16
[DEBUG][BASELINE] Output shape: torch.Size([1, 1024, 768]), dtype: torch.bfloat16
[DEBUG][BASELINE] Output shape: torch.Size([1, 1024, 768]), dtype: torch.bfloat16
[DEBUG][BASELINE] Output shape: torch.Size([1, 1024, 768]), dtype: torch.bfloat16
[DEBUG][BASELINE] Output shape: torch.Size([1, 1024, 768]), dtype: torch.bfloat16
[DEBUG][BASELINE] Output shape: torch.Size([1, 1024, 768]), dtype: torch.bfloat16
[DEBUG][BASELINE] Output shape: torch.Size([1, 1024, 768]), dtype: torch.bfloat16
[DEBUG][BASELINE] Output shape: torch.Size([1, 1024, 768]), dtype: torch.bfloat16
[DEBUG][BASELINE] Output shape: torch.Size([1, 1024, 768]), dtype: torch.bfloat16
[DEBUG][BASELINE] Output shape: torch.Size([1, 1024, 768]), dtype: torch.bfloat16
[DEBUG][BASELINE] Output shape: torch.Size([1, 1024, 768]), dtype: torch.bfloat16
[DEBUG][BASELINE] Output shape: torch.Size([1, 1024, 768]), dtype: torch.bfloat16
[DEBUG][BASELINE] Output shape: torch.Size([1, 1024, 768]), dtype: torch.bfloat16
[DEBUG][BASELINE] Output shape: torch.Size([1, 1024, 768]), dtype: torch.bfloat16
[DEBUG][BASELINE] Output shape: torch.Size([1, 1024, 768]), dtype: torch.bfloat16
[DEBUG][BASELINE] Output shape: torch.Size([1, 1024, 768]), dtype: torch.bfloat16
[DEBUG][BASELINE] Output shape: torch.Size([1, 1024, 768]), dtype: torch.bfloat16
[DEBUG][BASELINE] Output shape: torch.Size([1, 1024, 768]), dtype: torch.bfloat16
[DEBUG][BASELINE] Output shape: torch.Size([1, 1024, 768]), dtype: torch.bfloat16
[DEBUG][BASELINE] Output shape: torch.Size([1, 1024, 768]), dtype: torch.bfloat16
[DEBUG][BASELINE] Output shape: torch.Size([1, 1024, 768]), dtype: torch.bfloat16
[DEBUG][BASELINE] Output shape: torch.Size([1, 1024, 768]), dtype: torch.bfloat16
[DEBUG][BASELINE] Output shape: torch.Size([1, 1024, 768]), dtype: torch.bfloat16
[DEBUG][BASELINE] Output shape: torch.Size([1, 1024, 768]), dtype: torch.bfloat16
[DEBUG][BASELINE] Output shape: torch.Size([1, 1024, 768]), dtype: torch.bfloat16
[DEBUG][BASELINE] Output shape: torch.Size([1, 1024, 768]), dtype: torch.bfloat16
[DEBUG][BASELINE] Output shape: torch.Size([1, 1024, 768]), dtype: torch.bfloat16
[DEBUG][BASELINE] Output shape: torch.Size([1, 1024, 768]), dtype: torch.bfloat16
[DEBUG][BASELINE] Output shape: torch.Size([1, 1024, 768]), dtype: torch.bfloat16
[DEBUG][BASELINE] Output shape: torch.Size([1, 1024, 768]), dtype: torch.bfloat16
[DEBUG][BASELINE] Output shape: torch.Size([1, 1024, 768]), dtype: torch.bfloat16
[DEBUG][BASELINE] Output shape: torch.Size([1, 1024, 768]), dtype: torch.bfloat16
[DEBUG][BASELINE] Output shape: torch.Size([1, 1024, 768]), dtype: torch.bfloat16
[DEBUG][BASELINE] Output shape: torch.Size([1, 1024, 768]), dtype: torch.bfloat16
[DEBUG][BASELINE] Output shape: torch.Size([1, 1024, 768]), dtype: torch.bfloat16
[DEBUG][BASELINE] Output shape: torch.Size([1, 1024, 768]), dtype: torch.bfloat16
[DEBUG][BASELINE] Output shape: torch.Size([1, 1024, 768]), dtype: torch.bfloat16
[DEBUG][BASELINE] Output shape: torch.Size([1, 1024, 768]), dtype: torch.bfloat16
[DEBUG][BASELINE] Output shape: torch.Size([1, 1024, 768]), dtype: torch.bfloat16
[DEBUG][BASELINE] Output shape: torch.Size([1, 1024, 768]), dtype: torch.bfloat16
[DEBUG][BASELINE] Output shape: torch.Size([1, 1024, 768]), dtype: torch.bfloat16
[DEBUG][BASELINE] Output shape: torch.Size([1, 1024, 768]), dtype: torch.bfloat16
[DEBUG][BASELINE] Output shape: torch.Size([1, 1024, 768]), dtype: torch.bfloat16
[DEBUG][BASELINE] Output shape: torch.Size([1, 1024, 768]), dtype: torch.bfloat16
[DEBUG][BASELINE] Output shape: torch.Size([1, 1024, 768]), dtype: torch.bfloat16
[DEBUG][BASELINE] Output shape: torch.Size([1, 1024, 768]), dtype: torch.bfloat16
[DEBUG][BASELINE] Output shape: torch.Size([1, 1024, 768]), dtype: torch.bfloat16
[DEBUG][BASELINE] Output shape: torch.Size([1, 1024, 768]), dtype: torch.bfloat16
[DEBUG][BASELINE] Output shape: torch.Size([1, 1024, 768]), dtype: torch.bfloat16
[DEBUG][BASELINE] Output shape: torch.Size([1, 1024, 768]), dtype: torch.bfloat16
[DEBUG][BASELINE] Output shape: torch.Size([1, 1024, 768]), dtype: torch.bfloat16
[DEBUG][BASELINE] Output shape: torch.Size([1, 1024, 768]), dtype: torch.bfloat16
[DEBUG][BASELINE] Output shape: torch.Size([1, 1024, 768]), dtype: torch.bfloat16
[DEBUG][BASELINE] Output shape: torch.Size([1, 1024, 768]), dtype: torch.bfloat16
[DEBUG][BASELINE] Output shape: torch.Size([1, 1024, 768]), dtype: torch.bfloat16
[DEBUG][BASELINE] Output shape: torch.Size([1, 1024, 768]), dtype: torch.bfloat16
[DEBUG][BASELINE] Output shape: torch.Size([1, 1024, 768]), dtype: torch.bfloat16
[DEBUG][BASELINE] Output shape: torch.Size([1, 1024, 768]), dtype: torch.bfloat16
[DEBUG][BASELINE] Output shape: torch.Size([1, 1024, 768]), dtype: torch.bfloat16
[DEBUG][BASELINE] Output shape: torch.Size([1, 1024, 768]), dtype: torch.bfloat16
[DEBUG][BASELINE] Output shape: torch.Size([1, 1024, 768]), dtype: torch.bfloat16
[DEBUG][BASELINE] Output shape: torch.Size([1, 1024, 768]), dtype: torch.bfloat16
[DEBUG][BASELINE] Output shape: torch.Size([1, 1024, 768]), dtype: torch.bfloat16
[DEBUG][BASELINE] Output shape: torch.Size([1, 1024, 768]), dtype: torch.bfloat16
[DEBUG][BASELINE] Output shape: torch.Size([1, 1024, 768]), dtype: torch.bfloat16
[DEBUG][BASELINE] Output shape: torch.Size([1, 1024, 768]), dtype: torch.bfloat16
[DEBUG][BASELINE] Output shape: torch.Size([1, 1024, 768]), dtype: torch.bfloat16
[DEBUG][BASELINE] Output shape: torch.Size([1, 1024, 768]), dtype: torch.bfloat16
[DEBUG][BASELINE] Output shape: torch.Size([1, 1024, 768]), dtype: torch.bfloat16
[DEBUG][BASELINE] Output shape: torch.Size([1, 1024, 768]), dtype: torch.bfloat16
[DEBUG][BASELINE] Output shape: torch.Size([1, 1024, 768]), dtype: torch.bfloat16
[DEBUG][BASELINE] Output shape: torch.Size([1, 1024, 768]), dtype: torch.bfloat16
[DEBUG][BASELINE] Output shape: torch.Size([1, 1024, 768]), dtype: torch.bfloat16
[DEBUG][BASELINE] Output shape: torch.Size([1, 1024, 768]), dtype: torch.bfloat16
[DEBUG][BASELINE] Output shape: torch.Size([1, 1024, 768]), dtype: torch.bfloat16
[DEBUG][BASELINE] Output shape: torch.Size([1, 1024, 768]), dtype: torch.bfloat16
[DEBUG][BASELINE] Output shape: torch.Size([1, 1024, 768]), dtype: torch.bfloat16
[DEBUG][BASELINE] Output shape: torch.Size([1, 1024, 768]), dtype: torch.bfloat16
[DEBUG][BASELINE] Output shape: torch.Size([1, 1024, 768]), dtype: torch.bfloat16
[DEBUG][BASELINE] Output shape: torch.Size([1, 1024, 768]), dtype: torch.bfloat16
[DEBUG][BASELINE] Output shape: torch.Size([1, 1024, 768]), dtype: torch.bfloat16
[DEBUG][BASELINE] Output shape: torch.Size([1, 1024, 768]), dtype: torch.bfloat16
[DEBUG][BASELINE] Output shape: torch.Size([1, 1024, 768]), dtype: torch.bfloat16
[DEBUG][BASELINE] Output shape: torch.Size([1, 1024, 768]), dtype: torch.bfloat16
[DEBUG][BASELINE] Output shape: torch.Size([1, 1024, 768]), dtype: torch.bfloat16
[DEBUG][BASELINE] Output shape: torch.Size([1, 1024, 768]), dtype: torch.bfloat16
[DEBUG][BASELINE] Output shape: torch.Size([1, 1024, 768]), dtype: torch.bfloat16
[DEBUG][BASELINE] Output shape: torch.Size([1, 1024, 768]), dtype: torch.bfloat16
[DEBUG][BASELINE] Output shape: torch.Size([1, 1024, 768]), dtype: torch.bfloat16
[DEBUG][BASELINE] Output shape: torch.Size([1, 1024, 768]), dtype: torch.bfloat16
[DEBUG][BASELINE] Output shape: torch.Size([1, 1024, 768]), dtype: torch.bfloat16
[DEBUG][BASELINE] Output shape: torch.Size([1, 1024, 768]), dtype: torch.bfloat16
[DEBUG][BASELINE] Output shape: torch.Size([1, 1024, 768]), dtype: torch.bfloat16
[DEBUG][BASELINE] Output shape: torch.Size([1, 1024, 768]), dtype: torch.bfloat16
[orchard][no-flash_bs1_seq1024] step 25/40 (62.5%)  wall=  44.0s  tps≈  581.9
[orchard][no-flash_bs1_seq1024] step 31/40 (77.5%)  wall=  54.4s  tps≈  583.3
[orchard][no-flash_bs1_seq1024] step 37/40 (92.5%)  wall=  65.0s  tps≈  583.1
[DEBUG][BASELINE] Output shape: torch.Size([1, 1024, 768]), dtype: torch.bfloat16
[DEBUG][BASELINE] Output shape: torch.Size([1, 1024, 768]), dtype: torch.bfloat16
[DEBUG][BASELINE] Output shape: torch.Size([1, 1024, 768]), dtype: torch.bfloat16
[DEBUG][BASELINE] Output shape: torch.Size([1, 1024, 768]), dtype: torch.bfloat16
[DEBUG][BASELINE] Output shape: torch.Size([1, 1024, 768]), dtype: torch.bfloat16
[DEBUG][BASELINE] Output shape: torch.Size([1, 1024, 768]), dtype: torch.bfloat16
[DEBUG][BASELINE] Output shape: torch.Size([1, 1024, 768]), dtype: torch.bfloat16
[DEBUG][BASELINE] Output shape: torch.Size([1, 1024, 768]), dtype: torch.bfloat16
[DEBUG][BASELINE] Output shape: torch.Size([1, 1024, 768]), dtype: torch.bfloat16
[DEBUG][BASELINE] Output shape: torch.Size([1, 1024, 768]), dtype: torch.bfloat16
[DEBUG][BASELINE] Output shape: torch.Size([1, 1024, 768]), dtype: torch.bfloat16
[DEBUG][BASELINE] Output shape: torch.Size([1, 1024, 768]), dtype: torch.bfloat16
[DEBUG][BASELINE] Output shape: torch.Size([1, 1024, 768]), dtype: torch.bfloat16
[DEBUG][BASELINE] Output shape: torch.Size([1, 1024, 768]), dtype: torch.bfloat16
[DEBUG][BASELINE] Output shape: torch.Size([1, 1024, 768]), dtype: torch.bfloat16
[DEBUG][BASELINE] Output shape: torch.Size([1, 1024, 768]), dtype: torch.bfloat16
[DEBUG][BASELINE] Output shape: torch.Size([1, 1024, 768]), dtype: torch.bfloat16
[DEBUG][BASELINE] Output shape: torch.Size([1, 1024, 768]), dtype: torch.bfloat16
[DEBUG][BASELINE] Output shape: torch.Size([1, 1024, 768]), dtype: torch.bfloat16
[DEBUG][BASELINE] Output shape: torch.Size([1, 1024, 768]), dtype: torch.bfloat16
[DEBUG][BASELINE] Output shape: torch.Size([1, 1024, 768]), dtype: torch.bfloat16
[DEBUG][BASELINE] Output shape: torch.Size([1, 1024, 768]), dtype: torch.bfloat16
[DEBUG][BASELINE] Output shape: torch.Size([1, 1024, 768]), dtype: torch.bfloat16
[DEBUG][BASELINE] Output shape: torch.Size([1, 1024, 768]), dtype: torch.bfloat16
[DEBUG][BASELINE] Output shape: torch.Size([1, 1024, 768]), dtype: torch.bfloat16
[DEBUG][BASELINE] Output shape: torch.Size([1, 1024, 768]), dtype: torch.bfloat16
[DEBUG][BASELINE] Output shape: torch.Size([1, 1024, 768]), dtype: torch.bfloat16
[DEBUG][BASELINE] Output shape: torch.Size([1, 1024, 768]), dtype: torch.bfloat16
[DEBUG][BASELINE] Output shape: torch.Size([1, 1024, 768]), dtype: torch.bfloat16
[DEBUG][BASELINE] Output shape: torch.Size([1, 1024, 768]), dtype: torch.bfloat16
[DEBUG][BASELINE] Output shape: torch.Size([1, 1024, 768]), dtype: torch.bfloat16
[DEBUG][BASELINE] Output shape: torch.Size([1, 1024, 768]), dtype: torch.bfloat16
[DEBUG][BASELINE] Output shape: torch.Size([1, 1024, 768]), dtype: torch.bfloat16
[DEBUG][BASELINE] Output shape: torch.Size([1, 1024, 768]), dtype: torch.bfloat16
[DEBUG][BASELINE] Output shape: torch.Size([1, 1024, 768]), dtype: torch.bfloat16
[DEBUG][BASELINE] Output shape: torch.Size([1, 1024, 768]), dtype: torch.bfloat16
[DEBUG][BASELINE] Output shape: torch.Size([1, 1024, 768]), dtype: torch.bfloat16
[DEBUG][BASELINE] Output shape: torch.Size([1, 1024, 768]), dtype: torch.bfloat16
[DEBUG][BASELINE] Output shape: torch.Size([1, 1024, 768]), dtype: torch.bfloat16
[DEBUG][BASELINE] Output shape: torch.Size([1, 1024, 768]), dtype: torch.bfloat16
[DEBUG][BASELINE] Output shape: torch.Size([1, 1024, 768]), dtype: torch.bfloat16
[DEBUG][BASELINE] Output shape: torch.Size([1, 1024, 768]), dtype: torch.bfloat16
[DEBUG][BASELINE] Output shape: torch.Size([1, 1024, 768]), dtype: torch.bfloat16
[DEBUG][BASELINE] Output shape: torch.Size([1, 1024, 768]), dtype: torch.bfloat16
[DEBUG][BASELINE] Output shape: torch.Size([1, 1024, 768]), dtype: torch.bfloat16
[DEBUG][BASELINE] Output shape: torch.Size([1, 1024, 768]), dtype: torch.bfloat16
[DEBUG][BASELINE] Output shape: torch.Size([1, 1024, 768]), dtype: torch.bfloat16
[DEBUG][BASELINE] Output shape: torch.Size([1, 1024, 768]), dtype: torch.bfloat16
[DEBUG][BASELINE] Output shape: torch.Size([1, 1024, 768]), dtype: torch.bfloat16
[DEBUG][BASELINE] Output shape: torch.Size([1, 1024, 768]), dtype: torch.bfloat16
[DEBUG][BASELINE] Output shape: torch.Size([1, 1024, 768]), dtype: torch.bfloat16
[DEBUG][BASELINE] Output shape: torch.Size([1, 1024, 768]), dtype: torch.bfloat16
[DEBUG][BASELINE] Output shape: torch.Size([1, 1024, 768]), dtype: torch.bfloat16
[DEBUG][BASELINE] Output shape: torch.Size([1, 1024, 768]), dtype: torch.bfloat16
[DEBUG][BASELINE] Output shape: torch.Size([1, 1024, 768]), dtype: torch.bfloat16
[DEBUG][BASELINE] Output shape: torch.Size([1, 1024, 768]), dtype: torch.bfloat16
[DEBUG][BASELINE] Output shape: torch.Size([1, 1024, 768]), dtype: torch.bfloat16
[DEBUG][BASELINE] Output shape: torch.Size([1, 1024, 768]), dtype: torch.bfloat16
[DEBUG][BASELINE] Output shape: torch.Size([1, 1024, 768]), dtype: torch.bfloat16
[DEBUG][BASELINE] Output shape: torch.Size([1, 1024, 768]), dtype: torch.bfloat16
[DEBUG][BASELINE] Output shape: torch.Size([1, 1024, 768]), dtype: torch.bfloat16
[DEBUG][BASELINE] Output shape: torch.Size([1, 1024, 768]), dtype: torch.bfloat16
[DEBUG][BASELINE] Output shape: torch.Size([1, 1024, 768]), dtype: torch.bfloat16
[DEBUG][BASELINE] Output shape: torch.Size([1, 1024, 768]), dtype: torch.bfloat16
[DEBUG][BASELINE] Output shape: torch.Size([1, 1024, 768]), dtype: torch.bfloat16
[DEBUG][BASELINE] Output shape: torch.Size([1, 1024, 768]), dtype: torch.bfloat16
[DEBUG][BASELINE] Output shape: torch.Size([1, 1024, 768]), dtype: torch.bfloat16
[DEBUG][BASELINE] Output shape: torch.Size([1, 1024, 768]), dtype: torch.bfloat16
[DEBUG][BASELINE] Output shape: torch.Size([1, 1024, 768]), dtype: torch.bfloat16
[DEBUG][BASELINE] Output shape: torch.Size([1, 1024, 768]), dtype: torch.bfloat16
[DEBUG][BASELINE] Output shape: torch.Size([1, 1024, 768]), dtype: torch.bfloat16
[DEBUG][BASELINE] Output shape: torch.Size([1, 1024, 768]), dtype: torch.bfloat16
[DEBUG][BASELINE] Output shape: torch.Size([1, 1024, 768]), dtype: torch.bfloat16
[DEBUG][BASELINE] Output shape: torch.Size([1, 1024, 768]), dtype: torch.bfloat16
[DEBUG][BASELINE] Output shape: torch.Size([1, 1024, 768]), dtype: torch.bfloat16
[DEBUG][BASELINE] Output shape: torch.Size([1, 1024, 768]), dtype: torch.bfloat16
[DEBUG][BASELINE] Output shape: torch.Size([1, 1024, 768]), dtype: torch.bfloat16
[DEBUG][BASELINE] Output shape: torch.Size([1, 1024, 768]), dtype: torch.bfloat16
[DEBUG][BASELINE] Output shape: torch.Size([1, 1024, 768]), dtype: torch.bfloat16
[DEBUG][BASELINE] Output shape: torch.Size([1, 1024, 768]), dtype: torch.bfloat16
[DEBUG][BASELINE] Output shape: torch.Size([1, 1024, 768]), dtype: torch.bfloat16
[DEBUG][BASELINE] Output shape: torch.Size([1, 1024, 768]), dtype: torch.bfloat16
[DEBUG][BASELINE] Output shape: torch.Size([1, 1024, 768]), dtype: torch.bfloat16
[DEBUG][BASELINE] Output shape: torch.Size([1, 1024, 768]), dtype: torch.bfloat16
[DEBUG][BASELINE] Output shape: torch.Size([1, 1024, 768]), dtype: torch.bfloat16
[DEBUG][BASELINE] Output shape: torch.Size([1, 1024, 768]), dtype: torch.bfloat16
[DEBUG][BASELINE] Output shape: torch.Size([1, 1024, 768]), dtype: torch.bfloat16
[DEBUG][BASELINE] Output shape: torch.Size([1, 1024, 768]), dtype: torch.bfloat16
[DEBUG][BASELINE] Output shape: torch.Size([1, 1024, 768]), dtype: torch.bfloat16
[DEBUG][BASELINE] Output shape: torch.Size([1, 1024, 768]), dtype: torch.bfloat16
[DEBUG][BASELINE] Output shape: torch.Size([1, 1024, 768]), dtype: torch.bfloat16
[DEBUG][BASELINE] Output shape: torch.Size([1, 1024, 768]), dtype: torch.bfloat16
[DEBUG][BASELINE] Output shape: torch.Size([1, 1024, 768]), dtype: torch.bfloat16
[DEBUG][BASELINE] Output shape: torch.Size([1, 1024, 768]), dtype: torch.bfloat16
[DEBUG][BASELINE] Output shape: torch.Size([1, 1024, 768]), dtype: torch.bfloat16
[DEBUG][BASELINE] Output shape: torch.Size([1, 1024, 768]), dtype: torch.bfloat16
[DEBUG][BASELINE] Output shape: torch.Size([1, 1024, 768]), dtype: torch.bfloat16
[DEBUG][BASELINE] Output shape: torch.Size([1, 1024, 768]), dtype: torch.bfloat16
[DEBUG][BASELINE] Output shape: torch.Size([1, 1024, 768]), dtype: torch.bfloat16
[DEBUG][BASELINE] Output shape: torch.Size([1, 1024, 768]), dtype: torch.bfloat16
[DEBUG][BASELINE] Output shape: torch.Size([1, 1024, 768]), dtype: torch.bfloat16
[DEBUG][BASELINE] Output shape: torch.Size([1, 1024, 768]), dtype: torch.bfloat16
[DEBUG][BASELINE] Output shape: torch.Size([1, 1024, 768]), dtype: torch.bfloat16
[DEBUG][BASELINE] Output shape: torch.Size([1, 1024, 768]), dtype: torch.bfloat16
[DEBUG][BASELINE] Output shape: torch.Size([1, 1024, 768]), dtype: torch.bfloat16
[DEBUG][BASELINE] Output shape: torch.Size([1, 1024, 768]), dtype: torch.bfloat16
[DEBUG][BASELINE] Output shape: torch.Size([1, 1024, 768]), dtype: torch.bfloat16
[DEBUG][BASELINE] Output shape: torch.Size([1, 1024, 768]), dtype: torch.bfloat16
[DEBUG][BASELINE] Output shape: torch.Size([1, 1024, 768]), dtype: torch.bfloat16
[DEBUG][BASELINE] Output shape: torch.Size([1, 1024, 768]), dtype: torch.bfloat16
[DEBUG][BASELINE] Output shape: torch.Size([1, 1024, 768]), dtype: torch.bfloat16
[DEBUG][BASELINE] Output shape: torch.Size([1, 1024, 768]), dtype: torch.bfloat16
[DEBUG][BASELINE] Output shape: torch.Size([1, 1024, 768]), dtype: torch.bfloat16
[DEBUG][BASELINE] Output shape: torch.Size([1, 1024, 768]), dtype: torch.bfloat16
[DEBUG][BASELINE] Output shape: torch.Size([1, 1024, 768]), dtype: torch.bfloat16
[DEBUG][BASELINE] Output shape: torch.Size([1, 1024, 768]), dtype: torch.bfloat16
[DEBUG][BASELINE] Output shape: torch.Size([1, 1024, 768]), dtype: torch.bfloat16
[DEBUG][BASELINE] Output shape: torch.Size([1, 1024, 768]), dtype: torch.bfloat16
[DEBUG][BASELINE] Output shape: torch.Size([1, 1024, 768]), dtype: torch.bfloat16
[DEBUG][BASELINE] Output shape: torch.Size([1, 1024, 768]), dtype: torch.bfloat16
[DEBUG][BASELINE] Output shape: torch.Size([1, 1024, 768]), dtype: torch.bfloat16
[DEBUG][BASELINE] Output shape: torch.Size([1, 1024, 768]), dtype: torch.bfloat16
[DEBUG][BASELINE] Output shape: torch.Size([1, 1024, 768]), dtype: torch.bfloat16
[DEBUG][BASELINE] Output shape: torch.Size([1, 1024, 768]), dtype: torch.bfloat16
[DEBUG][BASELINE] Output shape: torch.Size([1, 1024, 768]), dtype: torch.bfloat16
[DEBUG][BASELINE] Output shape: torch.Size([1, 1024, 768]), dtype: torch.bfloat16
[DEBUG][BASELINE] Output shape: torch.Size([1, 1024, 768]), dtype: torch.bfloat16
[DEBUG][BASELINE] Output shape: torch.Size([1, 1024, 768]), dtype: torch.bfloat16
[DEBUG][BASELINE] Output shape: torch.Size([1, 1024, 768]), dtype: torch.bfloat16
[DEBUG][BASELINE] Output shape: torch.Size([1, 1024, 768]), dtype: torch.bfloat16
[DEBUG][BASELINE] Output shape: torch.Size([1, 1024, 768]), dtype: torch.bfloat16
[DEBUG][BASELINE] Output shape: torch.Size([1, 1024, 768]), dtype: torch.bfloat16
[DEBUG][BASELINE] Output shape: torch.Size([1, 1024, 768]), dtype: torch.bfloat16
[DEBUG][BASELINE] Output shape: torch.Size([1, 1024, 768]), dtype: torch.bfloat16
[DEBUG][BASELINE] Output shape: torch.Size([1, 1024, 768]), dtype: torch.bfloat16
[DEBUG][BASELINE] Output shape: torch.Size([1, 1024, 768]), dtype: torch.bfloat16
[DEBUG][BASELINE] Output shape: torch.Size([1, 1024, 768]), dtype: torch.bfloat16
[DEBUG][BASELINE] Output shape: torch.Size([1, 1024, 768]), dtype: torch.bfloat16
[DEBUG][BASELINE] Output shape: torch.Size([1, 1024, 768]), dtype: torch.bfloat16
[DEBUG][BASELINE] Output shape: torch.Size([1, 1024, 768]), dtype: torch.bfloat16
[DEBUG][BASELINE] Output shape: torch.Size([1, 1024, 768]), dtype: torch.bfloat16
[DEBUG][BASELINE] Output shape: torch.Size([1, 1024, 768]), dtype: torch.bfloat16
[DEBUG][BASELINE] Output shape: torch.Size([1, 1024, 768]), dtype: torch.bfloat16
[DEBUG][BASELINE] Output shape: torch.Size([1, 1024, 768]), dtype: torch.bfloat16
[DEBUG][BASELINE] Output shape: torch.Size([1, 1024, 768]), dtype: torch.bfloat16
[DEBUG][BASELINE] Output shape: torch.Size([1, 1024, 768]), dtype: torch.bfloat16
[DEBUG][BASELINE] Output shape: torch.Size([1, 1024, 768]), dtype: torch.bfloat16
[DEBUG][BASELINE] Output shape: torch.Size([1, 1024, 768]), dtype: torch.bfloat16
[DEBUG][BASELINE] Output shape: torch.Size([1, 1024, 768]), dtype: torch.bfloat16
[DEBUG][BASELINE] Output shape: torch.Size([1, 1024, 768]), dtype: torch.bfloat16
[DEBUG][BASELINE] Output shape: torch.Size([1, 1024, 768]), dtype: torch.bfloat16
[DEBUG][BASELINE] Output shape: torch.Size([1, 1024, 768]), dtype: torch.bfloat16
[DEBUG][BASELINE] Output shape: torch.Size([1, 1024, 768]), dtype: torch.bfloat16
[DEBUG][BASELINE] Output shape: torch.Size([1, 1024, 768]), dtype: torch.bfloat16
[DEBUG][BASELINE] Output shape: torch.Size([1, 1024, 768]), dtype: torch.bfloat16
[DEBUG][BASELINE] Output shape: torch.Size([1, 1024, 768]), dtype: torch.bfloat16
[DEBUG][BASELINE] Output shape: torch.Size([1, 1024, 768]), dtype: torch.bfloat16
[DEBUG][BASELINE] Output shape: torch.Size([1, 1024, 768]), dtype: torch.bfloat16
[DEBUG][BASELINE] Output shape: torch.Size([1, 1024, 768]), dtype: torch.bfloat16
[DEBUG][BASELINE] Output shape: torch.Size([1, 1024, 768]), dtype: torch.bfloat16
[DEBUG][BASELINE] Output shape: torch.Size([1, 1024, 768]), dtype: torch.bfloat16
[DEBUG][BASELINE] Output shape: torch.Size([1, 1024, 768]), dtype: torch.bfloat16
[DEBUG][BASELINE] Output shape: torch.Size([1, 1024, 768]), dtype: torch.bfloat16
[DEBUG][BASELINE] Output shape: torch.Size([1, 1024, 768]), dtype: torch.bfloat16
[DEBUG][BASELINE] Output shape: torch.Size([1, 1024, 768]), dtype: torch.bfloat16
[DEBUG][BASELINE] Output shape: torch.Size([1, 1024, 768]), dtype: torch.bfloat16
[DEBUG][BASELINE] Output shape: torch.Size([1, 1024, 768]), dtype: torch.bfloat16
[DEBUG][BASELINE] Output shape: torch.Size([1, 1024, 768]), dtype: torch.bfloat16
[DEBUG][BASELINE] Output shape: torch.Size([1, 1024, 768]), dtype: torch.bfloat16
[DEBUG][BASELINE] Output shape: torch.Size([1, 1024, 768]), dtype: torch.bfloat16
[DEBUG][BASELINE] Output shape: torch.Size([1, 1024, 768]), dtype: torch.bfloat16
[DEBUG][BASELINE] Output shape: torch.Size([1, 1024, 768]), dtype: torch.bfloat16
[DEBUG][BASELINE] Output shape: torch.Size([1, 1024, 768]), dtype: torch.bfloat16
[DEBUG][BASELINE] Output shape: torch.Size([1, 1024, 768]), dtype: torch.bfloat16
[DEBUG][BASELINE] Output shape: torch.Size([1, 1024, 768]), dtype: torch.bfloat16
[DEBUG][BASELINE] Output shape: torch.Size([1, 1024, 768]), dtype: torch.bfloat16
[DEBUG][BASELINE] Output shape: torch.Size([1, 1024, 768]), dtype: torch.bfloat16
[DEBUG][BASELINE] Output shape: torch.Size([1, 1024, 768]), dtype: torch.bfloat16
[DEBUG][BASELINE] Output shape: torch.Size([1, 1024, 768]), dtype: torch.bfloat16
[DEBUG][BASELINE] Output shape: torch.Size([1, 1024, 768]), dtype: torch.bfloat16
[DEBUG][BASELINE] Output shape: torch.Size([1, 1024, 768]), dtype: torch.bfloat16
[DEBUG][BASELINE] Output shape: torch.Size([1, 1024, 768]), dtype: torch.bfloat16
[DEBUG][BASELINE] Output shape: torch.Size([1, 1024, 768]), dtype: torch.bfloat16
[DEBUG][BASELINE] Output shape: torch.Size([1, 1024, 768]), dtype: torch.bfloat16
[DEBUG][BASELINE] Output shape: torch.Size([1, 1024, 768]), dtype: torch.bfloat16
[DEBUG][BASELINE] Output shape: torch.Size([1, 1024, 768]), dtype: torch.bfloat16
[DEBUG][BASELINE] Output shape: torch.Size([1, 1024, 768]), dtype: torch.bfloat16
[DEBUG][BASELINE] Output shape: torch.Size([1, 1024, 768]), dtype: torch.bfloat16
[DEBUG][BASELINE] Output shape: torch.Size([1, 1024, 768]), dtype: torch.bfloat16
[DEBUG][BASELINE] Output shape: torch.Size([1, 1024, 768]), dtype: torch.bfloat16
[DEBUG][BASELINE] Output shape: torch.Size([1, 1024, 768]), dtype: torch.bfloat16
[DEBUG][BASELINE] Output shape: torch.Size([1, 1024, 768]), dtype: torch.bfloat16
[DEBUG][BASELINE] Output shape: torch.Size([1, 1024, 768]), dtype: torch.bfloat16
[DEBUG][BASELINE] Output shape: torch.Size([1, 1024, 768]), dtype: torch.bfloat16
[DEBUG][BASELINE] Output shape: torch.Size([1, 1024, 768]), dtype: torch.bfloat16
[DEBUG][BASELINE] Output shape: torch.Size([1, 1024, 768]), dtype: torch.bfloat16
[DEBUG][BASELINE] Output shape: torch.Size([1, 1024, 768]), dtype: torch.bfloat16
[DEBUG][BASELINE] Output shape: torch.Size([1, 1024, 768]), dtype: torch.bfloat16
[orchard][no-flash_bs1_seq1024] step 40/40 (100.0%)  wall=  70.1s  tps≈  584.2
[DEBUG][BASELINE] Output shape: torch.Size([1, 1024, 768]), dtype: torch.bfloat16
[DEBUG][BASELINE] Output shape: torch.Size([1, 1024, 768]), dtype: torch.bfloat16
[DEBUG][BASELINE] Output shape: torch.Size([1, 1024, 768]), dtype: torch.bfloat16
[DEBUG][BASELINE] Output shape: torch.Size([1, 1024, 768]), dtype: torch.bfloat16
[DEBUG][BASELINE] Output shape: torch.Size([1, 1024, 768]), dtype: torch.bfloat16
[DEBUG][BASELINE] Output shape: torch.Size([1, 1024, 768]), dtype: torch.bfloat16
[DEBUG][BASELINE] Output shape: torch.Size([1, 1024, 768]), dtype: torch.bfloat16
[DEBUG][BASELINE] Output shape: torch.Size([1, 1024, 768]), dtype: torch.bfloat16
[DEBUG][BASELINE] Output shape: torch.Size([1, 1024, 768]), dtype: torch.bfloat16
[DEBUG][BASELINE] Output shape: torch.Size([1, 1024, 768]), dtype: torch.bfloat16
[DEBUG][BASELINE] Output shape: torch.Size([1, 1024, 768]), dtype: torch.bfloat16
[DEBUG][BASELINE] Output shape: torch.Size([1, 1024, 768]), dtype: torch.bfloat16
[DEBUG][BASELINE] Output shape: torch.Size([1, 1024, 768]), dtype: torch.bfloat16
[DEBUG][BASELINE] Output shape: torch.Size([1, 1024, 768]), dtype: torch.bfloat16
[DEBUG][BASELINE] Output shape: torch.Size([1, 1024, 768]), dtype: torch.bfloat16
[DEBUG][BASELINE] Output shape: torch.Size([1, 1024, 768]), dtype: torch.bfloat16
[DEBUG][BASELINE] Output shape: torch.Size([1, 1024, 768]), dtype: torch.bfloat16
[DEBUG][BASELINE] Output shape: torch.Size([1, 1024, 768]), dtype: torch.bfloat16
[DEBUG][BASELINE] Output shape: torch.Size([1, 1024, 768]), dtype: torch.bfloat16
[DEBUG][BASELINE] Output shape: torch.Size([1, 1024, 768]), dtype: torch.bfloat16
[DEBUG][BASELINE] Output shape: torch.Size([1, 1024, 768]), dtype: torch.bfloat16
[DEBUG][BASELINE] Output shape: torch.Size([1, 1024, 768]), dtype: torch.bfloat16
[DEBUG][BASELINE] Output shape: torch.Size([1, 1024, 768]), dtype: torch.bfloat16
[DEBUG][BASELINE] Output shape: torch.Size([1, 1024, 768]), dtype: torch.bfloat16
[DEBUG][BASELINE] Output shape: torch.Size([1, 1024, 768]), dtype: torch.bfloat16
[DEBUG][BASELINE] Output shape: torch.Size([1, 1024, 768]), dtype: torch.bfloat16
[DEBUG][BASELINE] Output shape: torch.Size([1, 1024, 768]), dtype: torch.bfloat16
[DEBUG][BASELINE] Output shape: torch.Size([1, 1024, 768]), dtype: torch.bfloat16
[DEBUG][BASELINE] Output shape: torch.Size([1, 1024, 768]), dtype: torch.bfloat16
[DEBUG][BASELINE] Output shape: torch.Size([1, 1024, 768]), dtype: torch.bfloat16
[DEBUG][BASELINE] Output shape: torch.Size([1, 1024, 768]), dtype: torch.bfloat16
[DEBUG][BASELINE] Output shape: torch.Size([1, 1024, 768]), dtype: torch.bfloat16
[DEBUG][BASELINE] Output shape: torch.Size([1, 1024, 768]), dtype: torch.bfloat16
[DEBUG][BASELINE] Output shape: torch.Size([1, 1024, 768]), dtype: torch.bfloat16
[DEBUG][BASELINE] Output shape: torch.Size([1, 1024, 768]), dtype: torch.bfloat16
[DEBUG][BASELINE] Output shape: torch.Size([1, 1024, 768]), dtype: torch.bfloat16
[DEBUG][BASELINE] Output shape: torch.Size([1, 1024, 768]), dtype: torch.bfloat16
[DEBUG][BASELINE] Output shape: torch.Size([1, 1024, 768]), dtype: torch.bfloat16
[DEBUG][BASELINE] Output shape: torch.Size([1, 1024, 768]), dtype: torch.bfloat16
[DEBUG][BASELINE] Output shape: torch.Size([1, 1024, 768]), dtype: torch.bfloat16
[DEBUG][BASELINE] Output shape: torch.Size([1, 1024, 768]), dtype: torch.bfloat16
[DEBUG][BASELINE] Output shape: torch.Size([1, 1024, 768]), dtype: torch.bfloat16
[DEBUG][BASELINE] Output shape: torch.Size([1, 1024, 768]), dtype: torch.bfloat16
[DEBUG][BASELINE] Output shape: torch.Size([1, 1024, 768]), dtype: torch.bfloat16
[DEBUG][BASELINE] Output shape: torch.Size([1, 1024, 768]), dtype: torch.bfloat16
[DEBUG][BASELINE] Output shape: torch.Size([1, 1024, 768]), dtype: torch.bfloat16
[DEBUG][BASELINE] Output shape: torch.Size([1, 1024, 768]), dtype: torch.bfloat16
[DEBUG][BASELINE] Output shape: torch.Size([1, 1024, 768]), dtype: torch.bfloat16
[DEBUG][BASELINE] Output shape: torch.Size([1, 1024, 768]), dtype: torch.bfloat16
[DEBUG][BASELINE] Output shape: torch.Size([1, 1024, 768]), dtype: torch.bfloat16
[DEBUG][BASELINE] Output shape: torch.Size([1, 1024, 768]), dtype: torch.bfloat16
[DEBUG][BASELINE] Output shape: torch.Size([1, 1024, 768]), dtype: torch.bfloat16
[DEBUG][BASELINE] Output shape: torch.Size([1, 1024, 768]), dtype: torch.bfloat16
[DEBUG][BASELINE] Output shape: torch.Size([1, 1024, 768]), dtype: torch.bfloat16
[DEBUG][BASELINE] Output shape: torch.Size([1, 1024, 768]), dtype: torch.bfloat16
[DEBUG][BASELINE] Output shape: torch.Size([1, 1024, 768]), dtype: torch.bfloat16
[DEBUG][BASELINE] Output shape: torch.Size([1, 1024, 768]), dtype: torch.bfloat16
[DEBUG][BASELINE] Output shape: torch.Size([1, 1024, 768]), dtype: torch.bfloat16
[DEBUG][BASELINE] Output shape: torch.Size([1, 1024, 768]), dtype: torch.bfloat16
[DEBUG][BASELINE] Output shape: torch.Size([1, 1024, 768]), dtype: torch.bfloat16
[DEBUG][BASELINE] Output shape: torch.Size([1, 1024, 768]), dtype: torch.bfloat16
[DEBUG][BASELINE] Output shape: torch.Size([1, 1024, 768]), dtype: torch.bfloat16
[DEBUG][BASELINE] Output shape: torch.Size([1, 1024, 768]), dtype: torch.bfloat16
[DEBUG][BASELINE] Output shape: torch.Size([1, 1024, 768]), dtype: torch.bfloat16
[DEBUG][BASELINE] Output shape: torch.Size([1, 1024, 768]), dtype: torch.bfloat16
[DEBUG][BASELINE] Output shape: torch.Size([1, 1024, 768]), dtype: torch.bfloat16
[DEBUG][BASELINE] Output shape: torch.Size([1, 1024, 768]), dtype: torch.bfloat16
[DEBUG][BASELINE] Output shape: torch.Size([1, 1024, 768]), dtype: torch.bfloat16
[DEBUG][BASELINE] Output shape: torch.Size([1, 1024, 768]), dtype: torch.bfloat16
[DEBUG][BASELINE] Output shape: torch.Size([1, 1024, 768]), dtype: torch.bfloat16
[DEBUG][BASELINE] Output shape: torch.Size([1, 1024, 768]), dtype: torch.bfloat16
[DEBUG][BASELINE] Output shape: torch.Size([1, 1024, 768]), dtype: torch.bfloat16
[DEBUG][BASELINE] Output shape: torch.Size([1, 1024, 768]), dtype: torch.bfloat16
[DEBUG][BASELINE] Output shape: torch.Size([1, 1024, 768]), dtype: torch.bfloat16
[DEBUG][BASELINE] Output shape: torch.Size([1, 1024, 768]), dtype: torch.bfloat16
[DEBUG][BASELINE] Output shape: torch.Size([1, 1024, 768]), dtype: torch.bfloat16
[DEBUG][BASELINE] Output shape: torch.Size([1, 1024, 768]), dtype: torch.bfloat16
[DEBUG][BASELINE] Output shape: torch.Size([1, 1024, 768]), dtype: torch.bfloat16
[DEBUG][BASELINE] Output shape: torch.Size([1, 1024, 768]), dtype: torch.bfloat16
[DEBUG][BASELINE] Output shape: torch.Size([1, 1024, 768]), dtype: torch.bfloat16
[DEBUG][BASELINE] Output shape: torch.Size([1, 1024, 768]), dtype: torch.bfloat16
[DEBUG][BASELINE] Output shape: torch.Size([1, 1024, 768]), dtype: torch.bfloat16
[DEBUG][BASELINE] Output shape: torch.Size([1, 1024, 768]), dtype: torch.bfloat16
[DEBUG][BASELINE] Output shape: torch.Size([1, 1024, 768]), dtype: torch.bfloat16
[DEBUG][BASELINE] Output shape: torch.Size([1, 1024, 768]), dtype: torch.bfloat16
[DEBUG][BASELINE] Output shape: torch.Size([1, 1024, 768]), dtype: torch.bfloat16
[DEBUG][BASELINE] Output shape: torch.Size([1, 1024, 768]), dtype: torch.bfloat16
[DEBUG][BASELINE] Output shape: torch.Size([1, 1024, 768]), dtype: torch.bfloat16
[DEBUG][BASELINE] Output shape: torch.Size([1, 1024, 768]), dtype: torch.bfloat16
[DEBUG][BASELINE] Output shape: torch.Size([1, 1024, 768]), dtype: torch.bfloat16
[DEBUG][BASELINE] Output shape: torch.Size([1, 1024, 768]), dtype: torch.bfloat16
[DEBUG][BASELINE] Output shape: torch.Size([1, 1024, 768]), dtype: torch.bfloat16
[DEBUG][BASELINE] Output shape: torch.Size([1, 1024, 768]), dtype: torch.bfloat16
[DEBUG][BASELINE] Output shape: torch.Size([1, 1024, 768]), dtype: torch.bfloat16
[DEBUG][BASELINE] Output shape: torch.Size([1, 1024, 768]), dtype: torch.bfloat16
[DEBUG][BASELINE] Output shape: torch.Size([1, 1024, 768]), dtype: torch.bfloat16
[DEBUG][BASELINE] Output shape: torch.Size([1, 1024, 768]), dtype: torch.bfloat16
[DEBUG][BASELINE] Output shape: torch.Size([1, 1024, 768]), dtype: torch.bfloat16
[DEBUG][BASELINE] Output shape: torch.Size([1, 1024, 768]), dtype: torch.bfloat16
[DEBUG][BASELINE] Output shape: torch.Size([1, 1024, 768]), dtype: torch.bfloat16
[DEBUG][BASELINE] Output shape: torch.Size([1, 1024, 768]), dtype: torch.bfloat16
[DEBUG][BASELINE] Output shape: torch.Size([1, 1024, 768]), dtype: torch.bfloat16
[DEBUG][BASELINE] Output shape: torch.Size([1, 1024, 768]), dtype: torch.bfloat16
[DEBUG][BASELINE] Output shape: torch.Size([1, 1024, 768]), dtype: torch.bfloat16
[DEBUG][BASELINE] Output shape: torch.Size([1, 1024, 768]), dtype: torch.bfloat16
[DEBUG][BASELINE] Output shape: torch.Size([1, 1024, 768]), dtype: torch.bfloat16
[DEBUG][BASELINE] Output shape: torch.Size([1, 1024, 768]), dtype: torch.bfloat16
[DEBUG][BASELINE] Output shape: torch.Size([1, 1024, 768]), dtype: torch.bfloat16
JSON:{"schema": "orchard_bench_v1", "tag": "no-flash_bs1_seq1024", "commit": "f7c7e14", "dataset_sha": "57f3eb280cfe78d8cebe3aa76d7416607845416e22464dd9709ccb487f8d7b92", "batch": 1, "seq": 1024, "micro_steps": 40, "total_tokens": 40960, "throughput_tps": 581.1507489459713, "tokenize_s": 0.0971, "copy_s": 1.9259, "copy_mb_s": 0.17, "train_s": 0.0, "host_to_gpu_mb": 0.33, "avg_loss_stub": 0.8424870860762894, "max_grad": 166.0, "dtype": "torch.bfloat16", "bf16": true, "flash": {"enabled": false}, "metal_ver": "32023.620", "seed": 42, "timeline": [], "avg_gpu_w": 4983.607142857143, "grad_accum": 1, "avg_gpu_temp": null}
