>> QUICK-CHECK mode: bs=4 seq=256 steps=40 (≈15-min run)
[orchard][flashpatch] FlashAttention monkeypatch NOT ENABLED (USE_FLASH_ATTN!=1)
MPS available: True MPS built: True
`loss_type=None` was set in the config but it is unrecognised.Using the default loss: `ForCausalLMLoss`.
[orchard][baseline_bs1_seq4096] step 1/40 ( 2.5%)  wall=   1.8s  tps≈  572.9
[orchard][baseline_bs1_seq4096] step 9/40 (22.5%)  wall=  12.3s  tps≈  748.7
[orchard][baseline_bs1_seq4096] step 17/40 (42.5%)  wall=  22.7s  tps≈  766.4
[DEBUG][BASELINE] Output shape: torch.Size([4, 256, 768]), dtype: torch.bfloat16
[DEBUG][BASELINE] Output shape: torch.Size([4, 256, 768]), dtype: torch.bfloat16
[DEBUG][BASELINE] Output shape: torch.Size([4, 256, 768]), dtype: torch.bfloat16
[DEBUG][BASELINE] Output shape: torch.Size([4, 256, 768]), dtype: torch.bfloat16
[DEBUG][BASELINE] Output shape: torch.Size([4, 256, 768]), dtype: torch.bfloat16
[DEBUG][BASELINE] Output shape: torch.Size([4, 256, 768]), dtype: torch.bfloat16
[DEBUG][BASELINE] Output shape: torch.Size([4, 256, 768]), dtype: torch.bfloat16
[DEBUG][BASELINE] Output shape: torch.Size([4, 256, 768]), dtype: torch.bfloat16
[DEBUG][BASELINE] Output shape: torch.Size([4, 256, 768]), dtype: torch.bfloat16
[DEBUG][BASELINE] Output shape: torch.Size([4, 256, 768]), dtype: torch.bfloat16
[DEBUG][BASELINE] Output shape: torch.Size([4, 256, 768]), dtype: torch.bfloat16
[DEBUG][BASELINE] Output shape: torch.Size([4, 256, 768]), dtype: torch.bfloat16
[DEBUG][BASELINE] Output shape: torch.Size([4, 256, 768]), dtype: torch.bfloat16
[DEBUG][BASELINE] Output shape: torch.Size([4, 256, 768]), dtype: torch.bfloat16
[DEBUG][BASELINE] Output shape: torch.Size([4, 256, 768]), dtype: torch.bfloat16
[DEBUG][BASELINE] Output shape: torch.Size([4, 256, 768]), dtype: torch.bfloat16
[DEBUG][BASELINE] Output shape: torch.Size([4, 256, 768]), dtype: torch.bfloat16
[DEBUG][BASELINE] Output shape: torch.Size([4, 256, 768]), dtype: torch.bfloat16
[DEBUG][BASELINE] Output shape: torch.Size([4, 256, 768]), dtype: torch.bfloat16
[DEBUG][BASELINE] Output shape: torch.Size([4, 256, 768]), dtype: torch.bfloat16
[DEBUG][BASELINE] Output shape: torch.Size([4, 256, 768]), dtype: torch.bfloat16
[DEBUG][BASELINE] Output shape: torch.Size([4, 256, 768]), dtype: torch.bfloat16
[DEBUG][BASELINE] Output shape: torch.Size([4, 256, 768]), dtype: torch.bfloat16
[DEBUG][BASELINE] Output shape: torch.Size([4, 256, 768]), dtype: torch.bfloat16
[DEBUG][BASELINE] Output shape: torch.Size([4, 256, 768]), dtype: torch.bfloat16
[DEBUG][BASELINE] Output shape: torch.Size([4, 256, 768]), dtype: torch.bfloat16
[DEBUG][BASELINE] Output shape: torch.Size([4, 256, 768]), dtype: torch.bfloat16
[DEBUG][BASELINE] Output shape: torch.Size([4, 256, 768]), dtype: torch.bfloat16
[DEBUG][BASELINE] Output shape: torch.Size([4, 256, 768]), dtype: torch.bfloat16
[DEBUG][BASELINE] Output shape: torch.Size([4, 256, 768]), dtype: torch.bfloat16
[DEBUG][BASELINE] Output shape: torch.Size([4, 256, 768]), dtype: torch.bfloat16
[DEBUG][BASELINE] Output shape: torch.Size([4, 256, 768]), dtype: torch.bfloat16
[DEBUG][BASELINE] Output shape: torch.Size([4, 256, 768]), dtype: torch.bfloat16
[DEBUG][BASELINE] Output shape: torch.Size([4, 256, 768]), dtype: torch.bfloat16
[DEBUG][BASELINE] Output shape: torch.Size([4, 256, 768]), dtype: torch.bfloat16
[DEBUG][BASELINE] Output shape: torch.Size([4, 256, 768]), dtype: torch.bfloat16
[DEBUG][BASELINE] Output shape: torch.Size([4, 256, 768]), dtype: torch.bfloat16
[DEBUG][BASELINE] Output shape: torch.Size([4, 256, 768]), dtype: torch.bfloat16
[DEBUG][BASELINE] Output shape: torch.Size([4, 256, 768]), dtype: torch.bfloat16
[DEBUG][BASELINE] Output shape: torch.Size([4, 256, 768]), dtype: torch.bfloat16
[DEBUG][BASELINE] Output shape: torch.Size([4, 256, 768]), dtype: torch.bfloat16
[DEBUG][BASELINE] Output shape: torch.Size([4, 256, 768]), dtype: torch.bfloat16
[DEBUG][BASELINE] Output shape: torch.Size([4, 256, 768]), dtype: torch.bfloat16
[DEBUG][BASELINE] Output shape: torch.Size([4, 256, 768]), dtype: torch.bfloat16
[DEBUG][BASELINE] Output shape: torch.Size([4, 256, 768]), dtype: torch.bfloat16
[DEBUG][BASELINE] Output shape: torch.Size([4, 256, 768]), dtype: torch.bfloat16
[DEBUG][BASELINE] Output shape: torch.Size([4, 256, 768]), dtype: torch.bfloat16
[DEBUG][BASELINE] Output shape: torch.Size([4, 256, 768]), dtype: torch.bfloat16
[DEBUG][BASELINE] Output shape: torch.Size([4, 256, 768]), dtype: torch.bfloat16
[DEBUG][BASELINE] Output shape: torch.Size([4, 256, 768]), dtype: torch.bfloat16
[DEBUG][BASELINE] Output shape: torch.Size([4, 256, 768]), dtype: torch.bfloat16
[DEBUG][BASELINE] Output shape: torch.Size([4, 256, 768]), dtype: torch.bfloat16
[DEBUG][BASELINE] Output shape: torch.Size([4, 256, 768]), dtype: torch.bfloat16
[DEBUG][BASELINE] Output shape: torch.Size([4, 256, 768]), dtype: torch.bfloat16
[DEBUG][BASELINE] Output shape: torch.Size([4, 256, 768]), dtype: torch.bfloat16
[DEBUG][BASELINE] Output shape: torch.Size([4, 256, 768]), dtype: torch.bfloat16
[DEBUG][BASELINE] Output shape: torch.Size([4, 256, 768]), dtype: torch.bfloat16
[DEBUG][BASELINE] Output shape: torch.Size([4, 256, 768]), dtype: torch.bfloat16
[DEBUG][BASELINE] Output shape: torch.Size([4, 256, 768]), dtype: torch.bfloat16
[DEBUG][BASELINE] Output shape: torch.Size([4, 256, 768]), dtype: torch.bfloat16
[DEBUG][BASELINE] Output shape: torch.Size([4, 256, 768]), dtype: torch.bfloat16
[DEBUG][BASELINE] Output shape: torch.Size([4, 256, 768]), dtype: torch.bfloat16
[DEBUG][BASELINE] Output shape: torch.Size([4, 256, 768]), dtype: torch.bfloat16
[DEBUG][BASELINE] Output shape: torch.Size([4, 256, 768]), dtype: torch.bfloat16
[DEBUG][BASELINE] Output shape: torch.Size([4, 256, 768]), dtype: torch.bfloat16
[DEBUG][BASELINE] Output shape: torch.Size([4, 256, 768]), dtype: torch.bfloat16
[DEBUG][BASELINE] Output shape: torch.Size([4, 256, 768]), dtype: torch.bfloat16
[DEBUG][BASELINE] Output shape: torch.Size([4, 256, 768]), dtype: torch.bfloat16
[DEBUG][BASELINE] Output shape: torch.Size([4, 256, 768]), dtype: torch.bfloat16
[DEBUG][BASELINE] Output shape: torch.Size([4, 256, 768]), dtype: torch.bfloat16
[DEBUG][BASELINE] Output shape: torch.Size([4, 256, 768]), dtype: torch.bfloat16
[DEBUG][BASELINE] Output shape: torch.Size([4, 256, 768]), dtype: torch.bfloat16
[DEBUG][BASELINE] Output shape: torch.Size([4, 256, 768]), dtype: torch.bfloat16
[DEBUG][BASELINE] Output shape: torch.Size([4, 256, 768]), dtype: torch.bfloat16
[DEBUG][BASELINE] Output shape: torch.Size([4, 256, 768]), dtype: torch.bfloat16
[DEBUG][BASELINE] Output shape: torch.Size([4, 256, 768]), dtype: torch.bfloat16
[DEBUG][BASELINE] Output shape: torch.Size([4, 256, 768]), dtype: torch.bfloat16
[DEBUG][BASELINE] Output shape: torch.Size([4, 256, 768]), dtype: torch.bfloat16
[DEBUG][BASELINE] Output shape: torch.Size([4, 256, 768]), dtype: torch.bfloat16
[DEBUG][BASELINE] Output shape: torch.Size([4, 256, 768]), dtype: torch.bfloat16
[DEBUG][BASELINE] Output shape: torch.Size([4, 256, 768]), dtype: torch.bfloat16
[DEBUG][BASELINE] Output shape: torch.Size([4, 256, 768]), dtype: torch.bfloat16
[DEBUG][BASELINE] Output shape: torch.Size([4, 256, 768]), dtype: torch.bfloat16
[DEBUG][BASELINE] Output shape: torch.Size([4, 256, 768]), dtype: torch.bfloat16
[DEBUG][BASELINE] Output shape: torch.Size([4, 256, 768]), dtype: torch.bfloat16
[DEBUG][BASELINE] Output shape: torch.Size([4, 256, 768]), dtype: torch.bfloat16
[DEBUG][BASELINE] Output shape: torch.Size([4, 256, 768]), dtype: torch.bfloat16
[DEBUG][BASELINE] Output shape: torch.Size([4, 256, 768]), dtype: torch.bfloat16
[DEBUG][BASELINE] Output shape: torch.Size([4, 256, 768]), dtype: torch.bfloat16
[DEBUG][BASELINE] Output shape: torch.Size([4, 256, 768]), dtype: torch.bfloat16
[DEBUG][BASELINE] Output shape: torch.Size([4, 256, 768]), dtype: torch.bfloat16
[DEBUG][BASELINE] Output shape: torch.Size([4, 256, 768]), dtype: torch.bfloat16
[DEBUG][BASELINE] Output shape: torch.Size([4, 256, 768]), dtype: torch.bfloat16
[DEBUG][BASELINE] Output shape: torch.Size([4, 256, 768]), dtype: torch.bfloat16
[DEBUG][BASELINE] Output shape: torch.Size([4, 256, 768]), dtype: torch.bfloat16
[DEBUG][BASELINE] Output shape: torch.Size([4, 256, 768]), dtype: torch.bfloat16
[DEBUG][BASELINE] Output shape: torch.Size([4, 256, 768]), dtype: torch.bfloat16
[DEBUG][BASELINE] Output shape: torch.Size([4, 256, 768]), dtype: torch.bfloat16
[DEBUG][BASELINE] Output shape: torch.Size([4, 256, 768]), dtype: torch.bfloat16
[DEBUG][BASELINE] Output shape: torch.Size([4, 256, 768]), dtype: torch.bfloat16
[DEBUG][BASELINE] Output shape: torch.Size([4, 256, 768]), dtype: torch.bfloat16
[DEBUG][BASELINE] Output shape: torch.Size([4, 256, 768]), dtype: torch.bfloat16
[DEBUG][BASELINE] Output shape: torch.Size([4, 256, 768]), dtype: torch.bfloat16
[DEBUG][BASELINE] Output shape: torch.Size([4, 256, 768]), dtype: torch.bfloat16
[DEBUG][BASELINE] Output shape: torch.Size([4, 256, 768]), dtype: torch.bfloat16
[DEBUG][BASELINE] Output shape: torch.Size([4, 256, 768]), dtype: torch.bfloat16
[DEBUG][BASELINE] Output shape: torch.Size([4, 256, 768]), dtype: torch.bfloat16
[DEBUG][BASELINE] Output shape: torch.Size([4, 256, 768]), dtype: torch.bfloat16
[DEBUG][BASELINE] Output shape: torch.Size([4, 256, 768]), dtype: torch.bfloat16
[DEBUG][BASELINE] Output shape: torch.Size([4, 256, 768]), dtype: torch.bfloat16
[DEBUG][BASELINE] Output shape: torch.Size([4, 256, 768]), dtype: torch.bfloat16
[DEBUG][BASELINE] Output shape: torch.Size([4, 256, 768]), dtype: torch.bfloat16
[DEBUG][BASELINE] Output shape: torch.Size([4, 256, 768]), dtype: torch.bfloat16
[DEBUG][BASELINE] Output shape: torch.Size([4, 256, 768]), dtype: torch.bfloat16
[DEBUG][BASELINE] Output shape: torch.Size([4, 256, 768]), dtype: torch.bfloat16
[DEBUG][BASELINE] Output shape: torch.Size([4, 256, 768]), dtype: torch.bfloat16
[DEBUG][BASELINE] Output shape: torch.Size([4, 256, 768]), dtype: torch.bfloat16
[DEBUG][BASELINE] Output shape: torch.Size([4, 256, 768]), dtype: torch.bfloat16
[DEBUG][BASELINE] Output shape: torch.Size([4, 256, 768]), dtype: torch.bfloat16
[DEBUG][BASELINE] Output shape: torch.Size([4, 256, 768]), dtype: torch.bfloat16
[DEBUG][BASELINE] Output shape: torch.Size([4, 256, 768]), dtype: torch.bfloat16
[DEBUG][BASELINE] Output shape: torch.Size([4, 256, 768]), dtype: torch.bfloat16
[DEBUG][BASELINE] Output shape: torch.Size([4, 256, 768]), dtype: torch.bfloat16
[DEBUG][BASELINE] Output shape: torch.Size([4, 256, 768]), dtype: torch.bfloat16
[DEBUG][BASELINE] Output shape: torch.Size([4, 256, 768]), dtype: torch.bfloat16
[DEBUG][BASELINE] Output shape: torch.Size([4, 256, 768]), dtype: torch.bfloat16
[DEBUG][BASELINE] Output shape: torch.Size([4, 256, 768]), dtype: torch.bfloat16
[DEBUG][BASELINE] Output shape: torch.Size([4, 256, 768]), dtype: torch.bfloat16
[DEBUG][BASELINE] Output shape: torch.Size([4, 256, 768]), dtype: torch.bfloat16
[DEBUG][BASELINE] Output shape: torch.Size([4, 256, 768]), dtype: torch.bfloat16
[DEBUG][BASELINE] Output shape: torch.Size([4, 256, 768]), dtype: torch.bfloat16
[DEBUG][BASELINE] Output shape: torch.Size([4, 256, 768]), dtype: torch.bfloat16
[DEBUG][BASELINE] Output shape: torch.Size([4, 256, 768]), dtype: torch.bfloat16
[DEBUG][BASELINE] Output shape: torch.Size([4, 256, 768]), dtype: torch.bfloat16
[DEBUG][BASELINE] Output shape: torch.Size([4, 256, 768]), dtype: torch.bfloat16
[DEBUG][BASELINE] Output shape: torch.Size([4, 256, 768]), dtype: torch.bfloat16
[DEBUG][BASELINE] Output shape: torch.Size([4, 256, 768]), dtype: torch.bfloat16
[DEBUG][BASELINE] Output shape: torch.Size([4, 256, 768]), dtype: torch.bfloat16
[DEBUG][BASELINE] Output shape: torch.Size([4, 256, 768]), dtype: torch.bfloat16
[DEBUG][BASELINE] Output shape: torch.Size([4, 256, 768]), dtype: torch.bfloat16
[DEBUG][BASELINE] Output shape: torch.Size([4, 256, 768]), dtype: torch.bfloat16
[DEBUG][BASELINE] Output shape: torch.Size([4, 256, 768]), dtype: torch.bfloat16
[DEBUG][BASELINE] Output shape: torch.Size([4, 256, 768]), dtype: torch.bfloat16
[DEBUG][BASELINE] Output shape: torch.Size([4, 256, 768]), dtype: torch.bfloat16
[DEBUG][BASELINE] Output shape: torch.Size([4, 256, 768]), dtype: torch.bfloat16
[DEBUG][BASELINE] Output shape: torch.Size([4, 256, 768]), dtype: torch.bfloat16
[DEBUG][BASELINE] Output shape: torch.Size([4, 256, 768]), dtype: torch.bfloat16
[DEBUG][BASELINE] Output shape: torch.Size([4, 256, 768]), dtype: torch.bfloat16
[DEBUG][BASELINE] Output shape: torch.Size([4, 256, 768]), dtype: torch.bfloat16
[DEBUG][BASELINE] Output shape: torch.Size([4, 256, 768]), dtype: torch.bfloat16
[DEBUG][BASELINE] Output shape: torch.Size([4, 256, 768]), dtype: torch.bfloat16
[DEBUG][BASELINE] Output shape: torch.Size([4, 256, 768]), dtype: torch.bfloat16
[DEBUG][BASELINE] Output shape: torch.Size([4, 256, 768]), dtype: torch.bfloat16
[DEBUG][BASELINE] Output shape: torch.Size([4, 256, 768]), dtype: torch.bfloat16
[DEBUG][BASELINE] Output shape: torch.Size([4, 256, 768]), dtype: torch.bfloat16
[DEBUG][BASELINE] Output shape: torch.Size([4, 256, 768]), dtype: torch.bfloat16
[DEBUG][BASELINE] Output shape: torch.Size([4, 256, 768]), dtype: torch.bfloat16
[DEBUG][BASELINE] Output shape: torch.Size([4, 256, 768]), dtype: torch.bfloat16
[DEBUG][BASELINE] Output shape: torch.Size([4, 256, 768]), dtype: torch.bfloat16
[DEBUG][BASELINE] Output shape: torch.Size([4, 256, 768]), dtype: torch.bfloat16
[DEBUG][BASELINE] Output shape: torch.Size([4, 256, 768]), dtype: torch.bfloat16
[DEBUG][BASELINE] Output shape: torch.Size([4, 256, 768]), dtype: torch.bfloat16
[DEBUG][BASELINE] Output shape: torch.Size([4, 256, 768]), dtype: torch.bfloat16
[DEBUG][BASELINE] Output shape: torch.Size([4, 256, 768]), dtype: torch.bfloat16
[DEBUG][BASELINE] Output shape: torch.Size([4, 256, 768]), dtype: torch.bfloat16
[DEBUG][BASELINE] Output shape: torch.Size([4, 256, 768]), dtype: torch.bfloat16
[DEBUG][BASELINE] Output shape: torch.Size([4, 256, 768]), dtype: torch.bfloat16
[DEBUG][BASELINE] Output shape: torch.Size([4, 256, 768]), dtype: torch.bfloat16
[DEBUG][BASELINE] Output shape: torch.Size([4, 256, 768]), dtype: torch.bfloat16
[DEBUG][BASELINE] Output shape: torch.Size([4, 256, 768]), dtype: torch.bfloat16
[DEBUG][BASELINE] Output shape: torch.Size([4, 256, 768]), dtype: torch.bfloat16
[DEBUG][BASELINE] Output shape: torch.Size([4, 256, 768]), dtype: torch.bfloat16
[DEBUG][BASELINE] Output shape: torch.Size([4, 256, 768]), dtype: torch.bfloat16
[DEBUG][BASELINE] Output shape: torch.Size([4, 256, 768]), dtype: torch.bfloat16
[DEBUG][BASELINE] Output shape: torch.Size([4, 256, 768]), dtype: torch.bfloat16
[DEBUG][BASELINE] Output shape: torch.Size([4, 256, 768]), dtype: torch.bfloat16
[DEBUG][BASELINE] Output shape: torch.Size([4, 256, 768]), dtype: torch.bfloat16
[DEBUG][BASELINE] Output shape: torch.Size([4, 256, 768]), dtype: torch.bfloat16
[DEBUG][BASELINE] Output shape: torch.Size([4, 256, 768]), dtype: torch.bfloat16
[DEBUG][BASELINE] Output shape: torch.Size([4, 256, 768]), dtype: torch.bfloat16
[DEBUG][BASELINE] Output shape: torch.Size([4, 256, 768]), dtype: torch.bfloat16
[DEBUG][BASELINE] Output shape: torch.Size([4, 256, 768]), dtype: torch.bfloat16
[DEBUG][BASELINE] Output shape: torch.Size([4, 256, 768]), dtype: torch.bfloat16
[DEBUG][BASELINE] Output shape: torch.Size([4, 256, 768]), dtype: torch.bfloat16
[DEBUG][BASELINE] Output shape: torch.Size([4, 256, 768]), dtype: torch.bfloat16
[DEBUG][BASELINE] Output shape: torch.Size([4, 256, 768]), dtype: torch.bfloat16
[DEBUG][BASELINE] Output shape: torch.Size([4, 256, 768]), dtype: torch.bfloat16
[DEBUG][BASELINE] Output shape: torch.Size([4, 256, 768]), dtype: torch.bfloat16
[DEBUG][BASELINE] Output shape: torch.Size([4, 256, 768]), dtype: torch.bfloat16
[DEBUG][BASELINE] Output shape: torch.Size([4, 256, 768]), dtype: torch.bfloat16
[DEBUG][BASELINE] Output shape: torch.Size([4, 256, 768]), dtype: torch.bfloat16
[DEBUG][BASELINE] Output shape: torch.Size([4, 256, 768]), dtype: torch.bfloat16
[DEBUG][BASELINE] Output shape: torch.Size([4, 256, 768]), dtype: torch.bfloat16
[DEBUG][BASELINE] Output shape: torch.Size([4, 256, 768]), dtype: torch.bfloat16
[DEBUG][BASELINE] Output shape: torch.Size([4, 256, 768]), dtype: torch.bfloat16
[DEBUG][BASELINE] Output shape: torch.Size([4, 256, 768]), dtype: torch.bfloat16
[DEBUG][BASELINE] Output shape: torch.Size([4, 256, 768]), dtype: torch.bfloat16
[DEBUG][BASELINE] Output shape: torch.Size([4, 256, 768]), dtype: torch.bfloat16
[DEBUG][BASELINE] Output shape: torch.Size([4, 256, 768]), dtype: torch.bfloat16
[DEBUG][BASELINE] Output shape: torch.Size([4, 256, 768]), dtype: torch.bfloat16
[DEBUG][BASELINE] Output shape: torch.Size([4, 256, 768]), dtype: torch.bfloat16
[DEBUG][BASELINE] Output shape: torch.Size([4, 256, 768]), dtype: torch.bfloat16
[orchard][baseline_bs1_seq4096] step 25/40 (62.5%)  wall=  33.2s  tps≈  771.1
[orchard][baseline_bs1_seq4096] step 33/40 (82.5%)  wall=  43.9s  tps≈  769.6
[orchard][baseline_bs1_seq4096] step 40/40 (100.0%)  wall=  53.1s  tps≈  771.8
[DEBUG][BASELINE] Output shape: torch.Size([4, 256, 768]), dtype: torch.bfloat16
[DEBUG][BASELINE] Output shape: torch.Size([4, 256, 768]), dtype: torch.bfloat16
[DEBUG][BASELINE] Output shape: torch.Size([4, 256, 768]), dtype: torch.bfloat16
[DEBUG][BASELINE] Output shape: torch.Size([4, 256, 768]), dtype: torch.bfloat16
[DEBUG][BASELINE] Output shape: torch.Size([4, 256, 768]), dtype: torch.bfloat16
[DEBUG][BASELINE] Output shape: torch.Size([4, 256, 768]), dtype: torch.bfloat16
[DEBUG][BASELINE] Output shape: torch.Size([4, 256, 768]), dtype: torch.bfloat16
[DEBUG][BASELINE] Output shape: torch.Size([4, 256, 768]), dtype: torch.bfloat16
[DEBUG][BASELINE] Output shape: torch.Size([4, 256, 768]), dtype: torch.bfloat16
[DEBUG][BASELINE] Output shape: torch.Size([4, 256, 768]), dtype: torch.bfloat16
[DEBUG][BASELINE] Output shape: torch.Size([4, 256, 768]), dtype: torch.bfloat16
[DEBUG][BASELINE] Output shape: torch.Size([4, 256, 768]), dtype: torch.bfloat16
[DEBUG][BASELINE] Output shape: torch.Size([4, 256, 768]), dtype: torch.bfloat16
[DEBUG][BASELINE] Output shape: torch.Size([4, 256, 768]), dtype: torch.bfloat16
[DEBUG][BASELINE] Output shape: torch.Size([4, 256, 768]), dtype: torch.bfloat16
[DEBUG][BASELINE] Output shape: torch.Size([4, 256, 768]), dtype: torch.bfloat16
[DEBUG][BASELINE] Output shape: torch.Size([4, 256, 768]), dtype: torch.bfloat16
[DEBUG][BASELINE] Output shape: torch.Size([4, 256, 768]), dtype: torch.bfloat16
[DEBUG][BASELINE] Output shape: torch.Size([4, 256, 768]), dtype: torch.bfloat16
[DEBUG][BASELINE] Output shape: torch.Size([4, 256, 768]), dtype: torch.bfloat16
[DEBUG][BASELINE] Output shape: torch.Size([4, 256, 768]), dtype: torch.bfloat16
[DEBUG][BASELINE] Output shape: torch.Size([4, 256, 768]), dtype: torch.bfloat16
[DEBUG][BASELINE] Output shape: torch.Size([4, 256, 768]), dtype: torch.bfloat16
[DEBUG][BASELINE] Output shape: torch.Size([4, 256, 768]), dtype: torch.bfloat16
[DEBUG][BASELINE] Output shape: torch.Size([4, 256, 768]), dtype: torch.bfloat16
[DEBUG][BASELINE] Output shape: torch.Size([4, 256, 768]), dtype: torch.bfloat16
[DEBUG][BASELINE] Output shape: torch.Size([4, 256, 768]), dtype: torch.bfloat16
[DEBUG][BASELINE] Output shape: torch.Size([4, 256, 768]), dtype: torch.bfloat16
[DEBUG][BASELINE] Output shape: torch.Size([4, 256, 768]), dtype: torch.bfloat16
[DEBUG][BASELINE] Output shape: torch.Size([4, 256, 768]), dtype: torch.bfloat16
[DEBUG][BASELINE] Output shape: torch.Size([4, 256, 768]), dtype: torch.bfloat16
[DEBUG][BASELINE] Output shape: torch.Size([4, 256, 768]), dtype: torch.bfloat16
[DEBUG][BASELINE] Output shape: torch.Size([4, 256, 768]), dtype: torch.bfloat16
[DEBUG][BASELINE] Output shape: torch.Size([4, 256, 768]), dtype: torch.bfloat16
[DEBUG][BASELINE] Output shape: torch.Size([4, 256, 768]), dtype: torch.bfloat16
[DEBUG][BASELINE] Output shape: torch.Size([4, 256, 768]), dtype: torch.bfloat16
[DEBUG][BASELINE] Output shape: torch.Size([4, 256, 768]), dtype: torch.bfloat16
[DEBUG][BASELINE] Output shape: torch.Size([4, 256, 768]), dtype: torch.bfloat16
[DEBUG][BASELINE] Output shape: torch.Size([4, 256, 768]), dtype: torch.bfloat16
[DEBUG][BASELINE] Output shape: torch.Size([4, 256, 768]), dtype: torch.bfloat16
[DEBUG][BASELINE] Output shape: torch.Size([4, 256, 768]), dtype: torch.bfloat16
[DEBUG][BASELINE] Output shape: torch.Size([4, 256, 768]), dtype: torch.bfloat16
[DEBUG][BASELINE] Output shape: torch.Size([4, 256, 768]), dtype: torch.bfloat16
[DEBUG][BASELINE] Output shape: torch.Size([4, 256, 768]), dtype: torch.bfloat16
[DEBUG][BASELINE] Output shape: torch.Size([4, 256, 768]), dtype: torch.bfloat16
[DEBUG][BASELINE] Output shape: torch.Size([4, 256, 768]), dtype: torch.bfloat16
[DEBUG][BASELINE] Output shape: torch.Size([4, 256, 768]), dtype: torch.bfloat16
[DEBUG][BASELINE] Output shape: torch.Size([4, 256, 768]), dtype: torch.bfloat16
[DEBUG][BASELINE] Output shape: torch.Size([4, 256, 768]), dtype: torch.bfloat16
[DEBUG][BASELINE] Output shape: torch.Size([4, 256, 768]), dtype: torch.bfloat16
[DEBUG][BASELINE] Output shape: torch.Size([4, 256, 768]), dtype: torch.bfloat16
[DEBUG][BASELINE] Output shape: torch.Size([4, 256, 768]), dtype: torch.bfloat16
[DEBUG][BASELINE] Output shape: torch.Size([4, 256, 768]), dtype: torch.bfloat16
[DEBUG][BASELINE] Output shape: torch.Size([4, 256, 768]), dtype: torch.bfloat16
[DEBUG][BASELINE] Output shape: torch.Size([4, 256, 768]), dtype: torch.bfloat16
[DEBUG][BASELINE] Output shape: torch.Size([4, 256, 768]), dtype: torch.bfloat16
[DEBUG][BASELINE] Output shape: torch.Size([4, 256, 768]), dtype: torch.bfloat16
[DEBUG][BASELINE] Output shape: torch.Size([4, 256, 768]), dtype: torch.bfloat16
[DEBUG][BASELINE] Output shape: torch.Size([4, 256, 768]), dtype: torch.bfloat16
[DEBUG][BASELINE] Output shape: torch.Size([4, 256, 768]), dtype: torch.bfloat16
[DEBUG][BASELINE] Output shape: torch.Size([4, 256, 768]), dtype: torch.bfloat16
[DEBUG][BASELINE] Output shape: torch.Size([4, 256, 768]), dtype: torch.bfloat16
[DEBUG][BASELINE] Output shape: torch.Size([4, 256, 768]), dtype: torch.bfloat16
[DEBUG][BASELINE] Output shape: torch.Size([4, 256, 768]), dtype: torch.bfloat16
[DEBUG][BASELINE] Output shape: torch.Size([4, 256, 768]), dtype: torch.bfloat16
[DEBUG][BASELINE] Output shape: torch.Size([4, 256, 768]), dtype: torch.bfloat16
[DEBUG][BASELINE] Output shape: torch.Size([4, 256, 768]), dtype: torch.bfloat16
[DEBUG][BASELINE] Output shape: torch.Size([4, 256, 768]), dtype: torch.bfloat16
[DEBUG][BASELINE] Output shape: torch.Size([4, 256, 768]), dtype: torch.bfloat16
[DEBUG][BASELINE] Output shape: torch.Size([4, 256, 768]), dtype: torch.bfloat16
[DEBUG][BASELINE] Output shape: torch.Size([4, 256, 768]), dtype: torch.bfloat16
[DEBUG][BASELINE] Output shape: torch.Size([4, 256, 768]), dtype: torch.bfloat16
[DEBUG][BASELINE] Output shape: torch.Size([4, 256, 768]), dtype: torch.bfloat16
[DEBUG][BASELINE] Output shape: torch.Size([4, 256, 768]), dtype: torch.bfloat16
[DEBUG][BASELINE] Output shape: torch.Size([4, 256, 768]), dtype: torch.bfloat16
[DEBUG][BASELINE] Output shape: torch.Size([4, 256, 768]), dtype: torch.bfloat16
[DEBUG][BASELINE] Output shape: torch.Size([4, 256, 768]), dtype: torch.bfloat16
[DEBUG][BASELINE] Output shape: torch.Size([4, 256, 768]), dtype: torch.bfloat16
[DEBUG][BASELINE] Output shape: torch.Size([4, 256, 768]), dtype: torch.bfloat16
[DEBUG][BASELINE] Output shape: torch.Size([4, 256, 768]), dtype: torch.bfloat16
[DEBUG][BASELINE] Output shape: torch.Size([4, 256, 768]), dtype: torch.bfloat16
[DEBUG][BASELINE] Output shape: torch.Size([4, 256, 768]), dtype: torch.bfloat16
[DEBUG][BASELINE] Output shape: torch.Size([4, 256, 768]), dtype: torch.bfloat16
[DEBUG][BASELINE] Output shape: torch.Size([4, 256, 768]), dtype: torch.bfloat16
[DEBUG][BASELINE] Output shape: torch.Size([4, 256, 768]), dtype: torch.bfloat16
[DEBUG][BASELINE] Output shape: torch.Size([4, 256, 768]), dtype: torch.bfloat16
[DEBUG][BASELINE] Output shape: torch.Size([4, 256, 768]), dtype: torch.bfloat16
[DEBUG][BASELINE] Output shape: torch.Size([4, 256, 768]), dtype: torch.bfloat16
[DEBUG][BASELINE] Output shape: torch.Size([4, 256, 768]), dtype: torch.bfloat16
[DEBUG][BASELINE] Output shape: torch.Size([4, 256, 768]), dtype: torch.bfloat16
[DEBUG][BASELINE] Output shape: torch.Size([4, 256, 768]), dtype: torch.bfloat16
[DEBUG][BASELINE] Output shape: torch.Size([4, 256, 768]), dtype: torch.bfloat16
[DEBUG][BASELINE] Output shape: torch.Size([4, 256, 768]), dtype: torch.bfloat16
[DEBUG][BASELINE] Output shape: torch.Size([4, 256, 768]), dtype: torch.bfloat16
[DEBUG][BASELINE] Output shape: torch.Size([4, 256, 768]), dtype: torch.bfloat16
[DEBUG][BASELINE] Output shape: torch.Size([4, 256, 768]), dtype: torch.bfloat16
[DEBUG][BASELINE] Output shape: torch.Size([4, 256, 768]), dtype: torch.bfloat16
[DEBUG][BASELINE] Output shape: torch.Size([4, 256, 768]), dtype: torch.bfloat16
[DEBUG][BASELINE] Output shape: torch.Size([4, 256, 768]), dtype: torch.bfloat16
[DEBUG][BASELINE] Output shape: torch.Size([4, 256, 768]), dtype: torch.bfloat16
[DEBUG][BASELINE] Output shape: torch.Size([4, 256, 768]), dtype: torch.bfloat16
[DEBUG][BASELINE] Output shape: torch.Size([4, 256, 768]), dtype: torch.bfloat16
[DEBUG][BASELINE] Output shape: torch.Size([4, 256, 768]), dtype: torch.bfloat16
[DEBUG][BASELINE] Output shape: torch.Size([4, 256, 768]), dtype: torch.bfloat16
[DEBUG][BASELINE] Output shape: torch.Size([4, 256, 768]), dtype: torch.bfloat16
[DEBUG][BASELINE] Output shape: torch.Size([4, 256, 768]), dtype: torch.bfloat16
[DEBUG][BASELINE] Output shape: torch.Size([4, 256, 768]), dtype: torch.bfloat16
[DEBUG][BASELINE] Output shape: torch.Size([4, 256, 768]), dtype: torch.bfloat16
[DEBUG][BASELINE] Output shape: torch.Size([4, 256, 768]), dtype: torch.bfloat16
[DEBUG][BASELINE] Output shape: torch.Size([4, 256, 768]), dtype: torch.bfloat16
[DEBUG][BASELINE] Output shape: torch.Size([4, 256, 768]), dtype: torch.bfloat16
[DEBUG][BASELINE] Output shape: torch.Size([4, 256, 768]), dtype: torch.bfloat16
[DEBUG][BASELINE] Output shape: torch.Size([4, 256, 768]), dtype: torch.bfloat16
[DEBUG][BASELINE] Output shape: torch.Size([4, 256, 768]), dtype: torch.bfloat16
[DEBUG][BASELINE] Output shape: torch.Size([4, 256, 768]), dtype: torch.bfloat16
[DEBUG][BASELINE] Output shape: torch.Size([4, 256, 768]), dtype: torch.bfloat16
[DEBUG][BASELINE] Output shape: torch.Size([4, 256, 768]), dtype: torch.bfloat16
[DEBUG][BASELINE] Output shape: torch.Size([4, 256, 768]), dtype: torch.bfloat16
[DEBUG][BASELINE] Output shape: torch.Size([4, 256, 768]), dtype: torch.bfloat16
[DEBUG][BASELINE] Output shape: torch.Size([4, 256, 768]), dtype: torch.bfloat16
[DEBUG][BASELINE] Output shape: torch.Size([4, 256, 768]), dtype: torch.bfloat16
[DEBUG][BASELINE] Output shape: torch.Size([4, 256, 768]), dtype: torch.bfloat16
[DEBUG][BASELINE] Output shape: torch.Size([4, 256, 768]), dtype: torch.bfloat16
[DEBUG][BASELINE] Output shape: torch.Size([4, 256, 768]), dtype: torch.bfloat16
[DEBUG][BASELINE] Output shape: torch.Size([4, 256, 768]), dtype: torch.bfloat16
[DEBUG][BASELINE] Output shape: torch.Size([4, 256, 768]), dtype: torch.bfloat16
[DEBUG][BASELINE] Output shape: torch.Size([4, 256, 768]), dtype: torch.bfloat16
[DEBUG][BASELINE] Output shape: torch.Size([4, 256, 768]), dtype: torch.bfloat16
[DEBUG][BASELINE] Output shape: torch.Size([4, 256, 768]), dtype: torch.bfloat16
[DEBUG][BASELINE] Output shape: torch.Size([4, 256, 768]), dtype: torch.bfloat16
[DEBUG][BASELINE] Output shape: torch.Size([4, 256, 768]), dtype: torch.bfloat16
[DEBUG][BASELINE] Output shape: torch.Size([4, 256, 768]), dtype: torch.bfloat16
[DEBUG][BASELINE] Output shape: torch.Size([4, 256, 768]), dtype: torch.bfloat16
[DEBUG][BASELINE] Output shape: torch.Size([4, 256, 768]), dtype: torch.bfloat16
[DEBUG][BASELINE] Output shape: torch.Size([4, 256, 768]), dtype: torch.bfloat16
[DEBUG][BASELINE] Output shape: torch.Size([4, 256, 768]), dtype: torch.bfloat16
[DEBUG][BASELINE] Output shape: torch.Size([4, 256, 768]), dtype: torch.bfloat16
[DEBUG][BASELINE] Output shape: torch.Size([4, 256, 768]), dtype: torch.bfloat16
[DEBUG][BASELINE] Output shape: torch.Size([4, 256, 768]), dtype: torch.bfloat16
[DEBUG][BASELINE] Output shape: torch.Size([4, 256, 768]), dtype: torch.bfloat16
[DEBUG][BASELINE] Output shape: torch.Size([4, 256, 768]), dtype: torch.bfloat16
[DEBUG][BASELINE] Output shape: torch.Size([4, 256, 768]), dtype: torch.bfloat16
[DEBUG][BASELINE] Output shape: torch.Size([4, 256, 768]), dtype: torch.bfloat16
[DEBUG][BASELINE] Output shape: torch.Size([4, 256, 768]), dtype: torch.bfloat16
[DEBUG][BASELINE] Output shape: torch.Size([4, 256, 768]), dtype: torch.bfloat16
[DEBUG][BASELINE] Output shape: torch.Size([4, 256, 768]), dtype: torch.bfloat16
[DEBUG][BASELINE] Output shape: torch.Size([4, 256, 768]), dtype: torch.bfloat16
[DEBUG][BASELINE] Output shape: torch.Size([4, 256, 768]), dtype: torch.bfloat16
[DEBUG][BASELINE] Output shape: torch.Size([4, 256, 768]), dtype: torch.bfloat16
[DEBUG][BASELINE] Output shape: torch.Size([4, 256, 768]), dtype: torch.bfloat16
[DEBUG][BASELINE] Output shape: torch.Size([4, 256, 768]), dtype: torch.bfloat16
[DEBUG][BASELINE] Output shape: torch.Size([4, 256, 768]), dtype: torch.bfloat16
[DEBUG][BASELINE] Output shape: torch.Size([4, 256, 768]), dtype: torch.bfloat16
[DEBUG][BASELINE] Output shape: torch.Size([4, 256, 768]), dtype: torch.bfloat16
[DEBUG][BASELINE] Output shape: torch.Size([4, 256, 768]), dtype: torch.bfloat16
[DEBUG][BASELINE] Output shape: torch.Size([4, 256, 768]), dtype: torch.bfloat16
[DEBUG][BASELINE] Output shape: torch.Size([4, 256, 768]), dtype: torch.bfloat16
[DEBUG][BASELINE] Output shape: torch.Size([4, 256, 768]), dtype: torch.bfloat16
[DEBUG][BASELINE] Output shape: torch.Size([4, 256, 768]), dtype: torch.bfloat16
[DEBUG][BASELINE] Output shape: torch.Size([4, 256, 768]), dtype: torch.bfloat16
[DEBUG][BASELINE] Output shape: torch.Size([4, 256, 768]), dtype: torch.bfloat16
[DEBUG][BASELINE] Output shape: torch.Size([4, 256, 768]), dtype: torch.bfloat16
[DEBUG][BASELINE] Output shape: torch.Size([4, 256, 768]), dtype: torch.bfloat16
[DEBUG][BASELINE] Output shape: torch.Size([4, 256, 768]), dtype: torch.bfloat16
[DEBUG][BASELINE] Output shape: torch.Size([4, 256, 768]), dtype: torch.bfloat16
[DEBUG][BASELINE] Output shape: torch.Size([4, 256, 768]), dtype: torch.bfloat16
[DEBUG][BASELINE] Output shape: torch.Size([4, 256, 768]), dtype: torch.bfloat16
[DEBUG][BASELINE] Output shape: torch.Size([4, 256, 768]), dtype: torch.bfloat16
[DEBUG][BASELINE] Output shape: torch.Size([4, 256, 768]), dtype: torch.bfloat16
[DEBUG][BASELINE] Output shape: torch.Size([4, 256, 768]), dtype: torch.bfloat16
[DEBUG][BASELINE] Output shape: torch.Size([4, 256, 768]), dtype: torch.bfloat16
[DEBUG][BASELINE] Output shape: torch.Size([4, 256, 768]), dtype: torch.bfloat16
[DEBUG][BASELINE] Output shape: torch.Size([4, 256, 768]), dtype: torch.bfloat16
[DEBUG][BASELINE] Output shape: torch.Size([4, 256, 768]), dtype: torch.bfloat16
[DEBUG][BASELINE] Output shape: torch.Size([4, 256, 768]), dtype: torch.bfloat16
[DEBUG][BASELINE] Output shape: torch.Size([4, 256, 768]), dtype: torch.bfloat16
[DEBUG][BASELINE] Output shape: torch.Size([4, 256, 768]), dtype: torch.bfloat16
[DEBUG][BASELINE] Output shape: torch.Size([4, 256, 768]), dtype: torch.bfloat16
[DEBUG][BASELINE] Output shape: torch.Size([4, 256, 768]), dtype: torch.bfloat16
[DEBUG][BASELINE] Output shape: torch.Size([4, 256, 768]), dtype: torch.bfloat16
[DEBUG][BASELINE] Output shape: torch.Size([4, 256, 768]), dtype: torch.bfloat16
[DEBUG][BASELINE] Output shape: torch.Size([4, 256, 768]), dtype: torch.bfloat16
[DEBUG][BASELINE] Output shape: torch.Size([4, 256, 768]), dtype: torch.bfloat16
[DEBUG][BASELINE] Output shape: torch.Size([4, 256, 768]), dtype: torch.bfloat16
[DEBUG][BASELINE] Output shape: torch.Size([4, 256, 768]), dtype: torch.bfloat16
[DEBUG][BASELINE] Output shape: torch.Size([4, 256, 768]), dtype: torch.bfloat16
[DEBUG][BASELINE] Output shape: torch.Size([4, 256, 768]), dtype: torch.bfloat16
[DEBUG][BASELINE] Output shape: torch.Size([4, 256, 768]), dtype: torch.bfloat16
[DEBUG][BASELINE] Output shape: torch.Size([4, 256, 768]), dtype: torch.bfloat16
[DEBUG][BASELINE] Output shape: torch.Size([4, 256, 768]), dtype: torch.bfloat16
[DEBUG][BASELINE] Output shape: torch.Size([4, 256, 768]), dtype: torch.bfloat16
[DEBUG][BASELINE] Output shape: torch.Size([4, 256, 768]), dtype: torch.bfloat16
[DEBUG][BASELINE] Output shape: torch.Size([4, 256, 768]), dtype: torch.bfloat16
[DEBUG][BASELINE] Output shape: torch.Size([4, 256, 768]), dtype: torch.bfloat16
[DEBUG][BASELINE] Output shape: torch.Size([4, 256, 768]), dtype: torch.bfloat16
[DEBUG][BASELINE] Output shape: torch.Size([4, 256, 768]), dtype: torch.bfloat16
[DEBUG][BASELINE] Output shape: torch.Size([4, 256, 768]), dtype: torch.bfloat16
[DEBUG][BASELINE] Output shape: torch.Size([4, 256, 768]), dtype: torch.bfloat16
[DEBUG][BASELINE] Output shape: torch.Size([4, 256, 768]), dtype: torch.bfloat16
[DEBUG][BASELINE] Output shape: torch.Size([4, 256, 768]), dtype: torch.bfloat16
[DEBUG][BASELINE] Output shape: torch.Size([4, 256, 768]), dtype: torch.bfloat16
[DEBUG][BASELINE] Output shape: torch.Size([4, 256, 768]), dtype: torch.bfloat16
[DEBUG][BASELINE] Output shape: torch.Size([4, 256, 768]), dtype: torch.bfloat16
[DEBUG][BASELINE] Output shape: torch.Size([4, 256, 768]), dtype: torch.bfloat16
[DEBUG][BASELINE] Output shape: torch.Size([4, 256, 768]), dtype: torch.bfloat16
[DEBUG][BASELINE] Output shape: torch.Size([4, 256, 768]), dtype: torch.bfloat16
[DEBUG][BASELINE] Output shape: torch.Size([4, 256, 768]), dtype: torch.bfloat16
[DEBUG][BASELINE] Output shape: torch.Size([4, 256, 768]), dtype: torch.bfloat16
[DEBUG][BASELINE] Output shape: torch.Size([4, 256, 768]), dtype: torch.bfloat16
[DEBUG][BASELINE] Output shape: torch.Size([4, 256, 768]), dtype: torch.bfloat16
[DEBUG][BASELINE] Output shape: torch.Size([4, 256, 768]), dtype: torch.bfloat16
[DEBUG][BASELINE] Output shape: torch.Size([4, 256, 768]), dtype: torch.bfloat16
[DEBUG][BASELINE] Output shape: torch.Size([4, 256, 768]), dtype: torch.bfloat16
[DEBUG][BASELINE] Output shape: torch.Size([4, 256, 768]), dtype: torch.bfloat16
[DEBUG][BASELINE] Output shape: torch.Size([4, 256, 768]), dtype: torch.bfloat16
[DEBUG][BASELINE] Output shape: torch.Size([4, 256, 768]), dtype: torch.bfloat16
[DEBUG][BASELINE] Output shape: torch.Size([4, 256, 768]), dtype: torch.bfloat16
[DEBUG][BASELINE] Output shape: torch.Size([4, 256, 768]), dtype: torch.bfloat16
[DEBUG][BASELINE] Output shape: torch.Size([4, 256, 768]), dtype: torch.bfloat16
[DEBUG][BASELINE] Output shape: torch.Size([4, 256, 768]), dtype: torch.bfloat16
[DEBUG][BASELINE] Output shape: torch.Size([4, 256, 768]), dtype: torch.bfloat16
[DEBUG][BASELINE] Output shape: torch.Size([4, 256, 768]), dtype: torch.bfloat16
[DEBUG][BASELINE] Output shape: torch.Size([4, 256, 768]), dtype: torch.bfloat16
[DEBUG][BASELINE] Output shape: torch.Size([4, 256, 768]), dtype: torch.bfloat16
[DEBUG][BASELINE] Output shape: torch.Size([4, 256, 768]), dtype: torch.bfloat16
[DEBUG][BASELINE] Output shape: torch.Size([4, 256, 768]), dtype: torch.bfloat16
[DEBUG][BASELINE] Output shape: torch.Size([4, 256, 768]), dtype: torch.bfloat16
[DEBUG][BASELINE] Output shape: torch.Size([4, 256, 768]), dtype: torch.bfloat16
[DEBUG][BASELINE] Output shape: torch.Size([4, 256, 768]), dtype: torch.bfloat16
[DEBUG][BASELINE] Output shape: torch.Size([4, 256, 768]), dtype: torch.bfloat16
[DEBUG][BASELINE] Output shape: torch.Size([4, 256, 768]), dtype: torch.bfloat16
[DEBUG][BASELINE] Output shape: torch.Size([4, 256, 768]), dtype: torch.bfloat16
[DEBUG][BASELINE] Output shape: torch.Size([4, 256, 768]), dtype: torch.bfloat16
[DEBUG][BASELINE] Output shape: torch.Size([4, 256, 768]), dtype: torch.bfloat16
[DEBUG][BASELINE] Output shape: torch.Size([4, 256, 768]), dtype: torch.bfloat16
[DEBUG][BASELINE] Output shape: torch.Size([4, 256, 768]), dtype: torch.bfloat16
[DEBUG][BASELINE] Output shape: torch.Size([4, 256, 768]), dtype: torch.bfloat16
[DEBUG][BASELINE] Output shape: torch.Size([4, 256, 768]), dtype: torch.bfloat16
[DEBUG][BASELINE] Output shape: torch.Size([4, 256, 768]), dtype: torch.bfloat16
[DEBUG][BASELINE] Output shape: torch.Size([4, 256, 768]), dtype: torch.bfloat16
[DEBUG][BASELINE] Output shape: torch.Size([4, 256, 768]), dtype: torch.bfloat16
[DEBUG][BASELINE] Output shape: torch.Size([4, 256, 768]), dtype: torch.bfloat16
[DEBUG][BASELINE] Output shape: torch.Size([4, 256, 768]), dtype: torch.bfloat16
[DEBUG][BASELINE] Output shape: torch.Size([4, 256, 768]), dtype: torch.bfloat16
[DEBUG][BASELINE] Output shape: torch.Size([4, 256, 768]), dtype: torch.bfloat16
[DEBUG][BASELINE] Output shape: torch.Size([4, 256, 768]), dtype: torch.bfloat16
[DEBUG][BASELINE] Output shape: torch.Size([4, 256, 768]), dtype: torch.bfloat16
[DEBUG][BASELINE] Output shape: torch.Size([4, 256, 768]), dtype: torch.bfloat16
[DEBUG][BASELINE] Output shape: torch.Size([4, 256, 768]), dtype: torch.bfloat16
[DEBUG][BASELINE] Output shape: torch.Size([4, 256, 768]), dtype: torch.bfloat16
[DEBUG][BASELINE] Output shape: torch.Size([4, 256, 768]), dtype: torch.bfloat16
[DEBUG][BASELINE] Output shape: torch.Size([4, 256, 768]), dtype: torch.bfloat16
[DEBUG][BASELINE] Output shape: torch.Size([4, 256, 768]), dtype: torch.bfloat16
[DEBUG][BASELINE] Output shape: torch.Size([4, 256, 768]), dtype: torch.bfloat16
[DEBUG][BASELINE] Output shape: torch.Size([4, 256, 768]), dtype: torch.bfloat16
[DEBUG][BASELINE] Output shape: torch.Size([4, 256, 768]), dtype: torch.bfloat16
[DEBUG][BASELINE] Output shape: torch.Size([4, 256, 768]), dtype: torch.bfloat16
[DEBUG][BASELINE] Output shape: torch.Size([4, 256, 768]), dtype: torch.bfloat16
[DEBUG][BASELINE] Output shape: torch.Size([4, 256, 768]), dtype: torch.bfloat16
[DEBUG][BASELINE] Output shape: torch.Size([4, 256, 768]), dtype: torch.bfloat16
[DEBUG][BASELINE] Output shape: torch.Size([4, 256, 768]), dtype: torch.bfloat16
[DEBUG][BASELINE] Output shape: torch.Size([4, 256, 768]), dtype: torch.bfloat16
[DEBUG][BASELINE] Output shape: torch.Size([4, 256, 768]), dtype: torch.bfloat16
[DEBUG][BASELINE] Output shape: torch.Size([4, 256, 768]), dtype: torch.bfloat16
[DEBUG][BASELINE] Output shape: torch.Size([4, 256, 768]), dtype: torch.bfloat16
[DEBUG][BASELINE] Output shape: torch.Size([4, 256, 768]), dtype: torch.bfloat16
[DEBUG][BASELINE] Output shape: torch.Size([4, 256, 768]), dtype: torch.bfloat16
[DEBUG][BASELINE] Output shape: torch.Size([4, 256, 768]), dtype: torch.bfloat16
[DEBUG][BASELINE] Output shape: torch.Size([4, 256, 768]), dtype: torch.bfloat16
[DEBUG][BASELINE] Output shape: torch.Size([4, 256, 768]), dtype: torch.bfloat16
[DEBUG][BASELINE] Output shape: torch.Size([4, 256, 768]), dtype: torch.bfloat16
[DEBUG][BASELINE] Output shape: torch.Size([4, 256, 768]), dtype: torch.bfloat16
[DEBUG][BASELINE] Output shape: torch.Size([4, 256, 768]), dtype: torch.bfloat16
[DEBUG][BASELINE] Output shape: torch.Size([4, 256, 768]), dtype: torch.bfloat16
[DEBUG][BASELINE] Output shape: torch.Size([4, 256, 768]), dtype: torch.bfloat16
[DEBUG][BASELINE] Output shape: torch.Size([4, 256, 768]), dtype: torch.bfloat16
[DEBUG][BASELINE] Output shape: torch.Size([4, 256, 768]), dtype: torch.bfloat16
[DEBUG][BASELINE] Output shape: torch.Size([4, 256, 768]), dtype: torch.bfloat16
[DEBUG][BASELINE] Output shape: torch.Size([4, 256, 768]), dtype: torch.bfloat16
[DEBUG][BASELINE] Output shape: torch.Size([4, 256, 768]), dtype: torch.bfloat16
[DEBUG][BASELINE] Output shape: torch.Size([4, 256, 768]), dtype: torch.bfloat16
[DEBUG][BASELINE] Output shape: torch.Size([4, 256, 768]), dtype: torch.bfloat16
[DEBUG][BASELINE] Output shape: torch.Size([4, 256, 768]), dtype: torch.bfloat16
[DEBUG][BASELINE] Output shape: torch.Size([4, 256, 768]), dtype: torch.bfloat16
[DEBUG][BASELINE] Output shape: torch.Size([4, 256, 768]), dtype: torch.bfloat16
[DEBUG][BASELINE] Output shape: torch.Size([4, 256, 768]), dtype: torch.bfloat16
[DEBUG][BASELINE] Output shape: torch.Size([4, 256, 768]), dtype: torch.bfloat16
[DEBUG][BASELINE] Output shape: torch.Size([4, 256, 768]), dtype: torch.bfloat16
[DEBUG][BASELINE] Output shape: torch.Size([4, 256, 768]), dtype: torch.bfloat16
[DEBUG][BASELINE] Output shape: torch.Size([4, 256, 768]), dtype: torch.bfloat16
[DEBUG][BASELINE] Output shape: torch.Size([4, 256, 768]), dtype: torch.bfloat16
[DEBUG][BASELINE] Output shape: torch.Size([4, 256, 768]), dtype: torch.bfloat16
[DEBUG][BASELINE] Output shape: torch.Size([4, 256, 768]), dtype: torch.bfloat16
[DEBUG][BASELINE] Output shape: torch.Size([4, 256, 768]), dtype: torch.bfloat16
[DEBUG][BASELINE] Output shape: torch.Size([4, 256, 768]), dtype: torch.bfloat16
[DEBUG][BASELINE] Output shape: torch.Size([4, 256, 768]), dtype: torch.bfloat16
[DEBUG][BASELINE] Output shape: torch.Size([4, 256, 768]), dtype: torch.bfloat16
[DEBUG][BASELINE] Output shape: torch.Size([4, 256, 768]), dtype: torch.bfloat16
[DEBUG][BASELINE] Output shape: torch.Size([4, 256, 768]), dtype: torch.bfloat16
[DEBUG][BASELINE] Output shape: torch.Size([4, 256, 768]), dtype: torch.bfloat16
[DEBUG][BASELINE] Output shape: torch.Size([4, 256, 768]), dtype: torch.bfloat16
[DEBUG][BASELINE] Output shape: torch.Size([4, 256, 768]), dtype: torch.bfloat16
JSON:{"schema": "orchard_bench_v1", "tag": "baseline_bs1_seq4096", "commit": "f7c7e14", "dataset_sha": "57f3eb280cfe78d8cebe3aa76d7416607845416e22464dd9709ccb487f8d7b92", "batch": 4, "seq": 256, "micro_steps": 40, "total_tokens": 40960, "throughput_tps": 768.7753914394249, "tokenize_s": 0.0593, "copy_s": 1.5088, "copy_mb_s": 0.22, "train_s": 0.0, "host_to_gpu_mb": 0.33, "avg_loss_stub": 1.9929449439048768, "max_grad": 158.0, "dtype": "torch.bfloat16", "bf16": true, "flash": {"enabled": false}, "metal_ver": "32023.620", "seed": 42, "timeline": [], "avg_gpu_w": 5707.556603773585, "avg_gpu_temp": null}
