/Users/ianreitsma/projects/orchard/orchard-env/lib/python3.9/site-packages/urllib3/__init__.py:35: NotOpenSSLWarning: urllib3 v2 only supports OpenSSL 1.1.1+, currently the 'ssl' module is compiled with 'LibreSSL 2.8.3'. See: https://github.com/urllib3/urllib3/issues/3020
  warnings.warn(
[orchard] FlashAttention loaded (SHA e036b691…)
`loss_type=None` was set in the config but it is unrecognised.Using the default loss: `ForCausalLMLoss`.
[orchard][flash_enabled_mac1-100-5_bf16] step 1/100 ( 1.0%)  wall=   1.9s  tps≈  549.9
[orchard][flash_enabled_mac1-100-5_bf16] step 8/100 ( 8.0%)  wall=  12.0s  tps≈  680.3
[orchard][flash_enabled_mac1-100-5_bf16] step 16/100 (16.0%)  wall=  23.5s  tps≈  698.1
[orchard][flash_enabled_mac1-100-5_bf16] step 23/100 (23.0%)  wall=  33.5s  tps≈  703.7
[orchard][flash_enabled_mac1-100-5_bf16] step 31/100 (31.0%)  wall=  44.9s  tps≈  706.7
[orchard][flash_enabled_mac1-100-5_bf16] step 39/100 (39.0%)  wall=  56.3s  tps≈  709.6
[orchard][flash_enabled_mac1-100-5_bf16] step 47/100 (47.0%)  wall=  67.7s  tps≈  710.7
[orchard][flash_enabled_mac1-100-5_bf16] step 54/100 (54.0%)  wall=  77.8s  tps≈  710.6
[orchard][flash_enabled_mac1-100-5_bf16] step 61/100 (61.0%)  wall=  87.9s  tps≈  710.9
[orchard][flash_enabled_mac1-100-5_bf16] step 68/100 (68.0%)  wall=  97.9s  tps≈  711.1
[orchard][flash_enabled_mac1-100-5_bf16] step 75/100 (75.0%)  wall= 108.4s  tps≈  708.4
[orchard][flash_enabled_mac1-100-5_bf16] step 82/100 (82.0%)  wall= 118.6s  tps≈  708.0
[orchard][flash_enabled_mac1-100-5_bf16] step 90/100 (90.0%)  wall= 130.0s  tps≈  709.1
[orchard][flash_enabled_mac1-100-5_bf16] step 98/100 (98.0%)  wall= 141.4s  tps≈  709.9
[orchard][flash_enabled_mac1-100-5_bf16] step 100/100 (100.0%)  wall= 144.2s  tps≈  710.0
JSON:{"schema": "orchard_bench_v1", "tag": "flash_enabled_mac1-100-5_bf16", "commit": "acca622", "dataset_sha": "57f3eb280cfe78d8cebe3aa76d7416607845416e22464dd9709ccb487f8d7b92", "batch": 2, "seq": 512, "micro_steps": 100, "total_tokens": 102400, "throughput_tps": 708.1741897858789, "tokenize_s": 0.3574, "copy_s": 2.8359, "copy_mb_s": 0.29, "train_s": 0.0, "host_to_gpu_mb": 0.82, "avg_loss_stub": 0.8721076791360974, "max_grad": 159.0, "dtype": "torch.bfloat16", "bf16": true, "flash": {"enabled": true, "sha": "e036b69162f349edcc4f5d14b31e837ec3ce67738ff188c228efeeaa9ea7cb2e", "built": "2025-06-30T22:32:42", "metal": "32023.620"}, "metal_ver": "32023.620", "seed": 42, "timeline": [], "avg_gpu_w": 5694.2959183673465, "avg_gpu_temp": null}
