/Users/ianreitsma/projects/orchard/orchard-env/lib/python3.9/site-packages/urllib3/__init__.py:35: NotOpenSSLWarning: urllib3 v2 only supports OpenSSL 1.1.1+, currently the 'ssl' module is compiled with 'LibreSSL 2.8.3'. See: https://github.com/urllib3/urllib3/issues/3020
  warnings.warn(
`loss_type=None` was set in the config but it is unrecognised.Using the default loss: `ForCausalLMLoss`.
[orchard][ref_no_flash_mac2-100-3_bf16] step 1/100 ( 1.0%)  wall=   1.9s  tps≈  535.7
[orchard][ref_no_flash_mac2-100-3_bf16] step 8/100 ( 8.0%)  wall=  12.3s  tps≈  664.5
[orchard][ref_no_flash_mac2-100-3_bf16] step 15/100 (15.0%)  wall=  23.0s  tps≈  667.4
[orchard][ref_no_flash_mac2-100-3_bf16] step 22/100 (22.0%)  wall=  33.7s  tps≈  668.9
[orchard][ref_no_flash_mac2-100-3_bf16] step 29/100 (29.0%)  wall=  44.1s  tps≈  673.4
[orchard][ref_no_flash_mac2-100-3_bf16] step 36/100 (36.0%)  wall=  54.4s  tps≈  678.2
[orchard][ref_no_flash_mac2-100-3_bf16] step 43/100 (43.0%)  wall=  64.7s  tps≈  680.8
[orchard][ref_no_flash_mac2-100-3_bf16] step 50/100 (50.0%)  wall=  75.4s  tps≈  678.8
[orchard][ref_no_flash_mac2-100-3_bf16] step 57/100 (57.0%)  wall=  85.5s  tps≈  682.5
[orchard][ref_no_flash_mac2-100-3_bf16] step 64/100 (64.0%)  wall=  95.8s  tps≈  684.4
[orchard][ref_no_flash_mac2-100-3_bf16] step 71/100 (71.0%)  wall= 106.6s  tps≈  682.0
[orchard][ref_no_flash_mac2-100-3_bf16] step 78/100 (78.0%)  wall= 118.5s  tps≈  673.9
[orchard][ref_no_flash_mac2-100-3_bf16] step 85/100 (85.0%)  wall= 129.6s  tps≈  671.5
[orchard][ref_no_flash_mac2-100-3_bf16] step 92/100 (92.0%)  wall= 141.1s  tps≈  667.7
[orchard][ref_no_flash_mac2-100-3_bf16] step 98/100 (98.0%)  wall= 151.5s  tps≈  662.5
[orchard][ref_no_flash_mac2-100-3_bf16] step 100/100 (100.0%)  wall= 154.6s  tps≈  662.5
JSON:{"schema": "orchard_bench_v1", "tag": "ref_no_flash_mac2-100-3_bf16", "commit": "34969e4", "dataset_sha": "57f3eb280cfe78d8cebe3aa76d7416607845416e22464dd9709ccb487f8d7b92", "batch": 2, "seq": 512, "micro_steps": 100, "total_tokens": 102400, "throughput_tps": 661.3357715431672, "tokenize_s": 0.6294, "copy_s": 2.0127, "copy_mb_s": 0.41, "train_s": 0.0, "host_to_gpu_mb": 0.82, "avg_loss_stub": 0.8721955718286335, "max_grad": 159.0, "dtype": "torch.bfloat16", "bf16": true, "flash": {"enabled": false}, "metal_ver": "unknown", "seed": 42, "timeline": [], "avg_gpu_w": 5392.929936305733, "avg_gpu_temp": null}
