/Users/ianreitsma/projects/orchard/orchard-env/lib/python3.9/site-packages/urllib3/__init__.py:35: NotOpenSSLWarning: urllib3 v2 only supports OpenSSL 1.1.1+, currently the 'ssl' module is compiled with 'LibreSSL 2.8.3'. See: https://github.com/urllib3/urllib3/issues/3020
  warnings.warn(
[orchard] FlashAttention loaded (SHA e036b691…)
`loss_type=None` was set in the config but it is unrecognised.Using the default loss: `ForCausalLMLoss`.
[orchard][flash_enabled_mac2-100-5_bf16] step 1/100 ( 1.0%)  wall=   1.9s  tps≈  528.0
[orchard][flash_enabled_mac2-100-5_bf16] step 8/100 ( 8.0%)  wall=  12.9s  tps≈  634.3
[orchard][flash_enabled_mac2-100-5_bf16] step 15/100 (15.0%)  wall=  23.4s  tps≈  655.9
[orchard][flash_enabled_mac2-100-5_bf16] step 22/100 (22.0%)  wall=  34.0s  tps≈  663.4
[orchard][flash_enabled_mac2-100-5_bf16] step 29/100 (29.0%)  wall=  44.3s  tps≈  670.6
[orchard][flash_enabled_mac2-100-5_bf16] step 36/100 (36.0%)  wall=  54.9s  tps≈  671.5
[orchard][flash_enabled_mac2-100-5_bf16] step 43/100 (43.0%)  wall=  65.5s  tps≈  672.3
[orchard][flash_enabled_mac2-100-5_bf16] step 50/100 (50.0%)  wall=  76.1s  tps≈  672.5
[orchard][flash_enabled_mac2-100-5_bf16] step 57/100 (57.0%)  wall=  86.8s  tps≈  672.3
[orchard][flash_enabled_mac2-100-5_bf16] step 64/100 (64.0%)  wall=  97.1s  tps≈  674.7
[orchard][flash_enabled_mac2-100-5_bf16] step 71/100 (71.0%)  wall= 107.4s  tps≈  677.0
[orchard][flash_enabled_mac2-100-5_bf16] step 78/100 (78.0%)  wall= 118.0s  tps≈  676.8
[orchard][flash_enabled_mac2-100-5_bf16] step 85/100 (85.0%)  wall= 128.5s  tps≈  677.3
[orchard][flash_enabled_mac2-100-5_bf16] step 92/100 (92.0%)  wall= 139.0s  tps≈  677.9
[orchard][flash_enabled_mac2-100-5_bf16] step 99/100 (99.0%)  wall= 150.3s  tps≈  674.5
[orchard][flash_enabled_mac2-100-5_bf16] step 100/100 (100.0%)  wall= 151.9s  tps≈  674.0
JSON:{"schema": "orchard_bench_v1", "tag": "flash_enabled_mac2-100-5_bf16", "commit": "acca622", "dataset_sha": "57f3eb280cfe78d8cebe3aa76d7416607845416e22464dd9709ccb487f8d7b92", "batch": 2, "seq": 512, "micro_steps": 100, "total_tokens": 102400, "throughput_tps": 673.1587430256051, "tokenize_s": 0.3423, "copy_s": 2.3378, "copy_mb_s": 0.35, "train_s": 0.0, "host_to_gpu_mb": 0.82, "avg_loss_stub": 0.8721955718286335, "max_grad": 159.0, "dtype": "torch.bfloat16", "bf16": true, "flash": {"enabled": true, "sha": "e036b69162f349edcc4f5d14b31e837ec3ce67738ff188c228efeeaa9ea7cb2e", "built": "2025-06-30T23:16:07", "metal": "unknown"}, "metal_ver": "unknown", "seed": 42, "timeline": [], "avg_gpu_w": 5379.324675324675, "avg_gpu_temp": null}
