/Users/ianreitsma/projects/orchard/orchard-env/lib/python3.9/site-packages/urllib3/__init__.py:35: NotOpenSSLWarning: urllib3 v2 only supports OpenSSL 1.1.1+, currently the 'ssl' module is compiled with 'LibreSSL 2.8.3'. See: https://github.com/urllib3/urllib3/issues/3020
  warnings.warn(
`loss_type=None` was set in the config but it is unrecognised.Using the default loss: `ForCausalLMLoss`.
[orchard][ref_no_flash_mac2-2_bf16] step 1/1000 ( 0.1%)  wall=   1.9s  tps≈  527.5
[orchard][ref_no_flash_mac2-2_bf16] step 8/1000 ( 0.8%)  wall=  12.6s  tps≈  652.0
[orchard][ref_no_flash_mac2-2_bf16] step 15/1000 ( 1.5%)  wall=  22.6s  tps≈  680.4
[orchard][ref_no_flash_mac2-2_bf16] step 22/1000 ( 2.2%)  wall=  32.6s  tps≈  691.5
[orchard][ref_no_flash_mac2-2_bf16] step 29/1000 ( 2.9%)  wall=  42.7s  tps≈  695.1
[orchard][ref_no_flash_mac2-2_bf16] step 36/1000 ( 3.6%)  wall=  53.0s  tps≈  695.2
[orchard][ref_no_flash_mac2-2_bf16] step 43/1000 ( 4.3%)  wall=  63.1s  tps≈  697.8
[orchard][ref_no_flash_mac2-2_bf16] step 51/1000 ( 5.1%)  wall=  74.5s  tps≈  700.9
[orchard][ref_no_flash_mac2-2_bf16] step 59/1000 ( 5.9%)  wall=  85.9s  tps≈  703.6
[orchard][ref_no_flash_mac2-2_bf16] step 67/1000 ( 6.7%)  wall=  97.2s  tps≈  705.6
[orchard][ref_no_flash_mac2-2_bf16] step 75/1000 ( 7.5%)  wall= 108.7s  tps≈  706.8
[orchard][ref_no_flash_mac2-2_bf16] step 83/1000 ( 8.3%)  wall= 120.1s  tps≈  707.9
[orchard][ref_no_flash_mac2-2_bf16] step 91/1000 ( 9.1%)  wall= 131.4s  tps≈  709.2
[orchard][ref_no_flash_mac2-2_bf16] step 99/1000 ( 9.9%)  wall= 142.8s  tps≈  710.1
[orchard][ref_no_flash_mac2-2_bf16] step 107/1000 (10.7%)  wall= 154.1s  tps≈  710.8
[orchard][ref_no_flash_mac2-2_bf16] step 114/1000 (11.4%)  wall= 164.8s  tps≈  708.5
[orchard][ref_no_flash_mac2-2_bf16] step 121/1000 (12.1%)  wall= 174.9s  tps≈  708.6
[orchard][ref_no_flash_mac2-2_bf16] step 128/1000 (12.8%)  wall= 185.0s  tps≈  708.6
[orchard][ref_no_flash_mac2-2_bf16] step 136/1000 (13.6%)  wall= 196.4s  tps≈  709.2
[orchard][ref_no_flash_mac2-2_bf16] step 143/1000 (14.3%)  wall= 206.4s  tps≈  709.5
[orchard][ref_no_flash_mac2-2_bf16] step 151/1000 (15.1%)  wall= 217.8s  tps≈  710.0
[orchard][ref_no_flash_mac2-2_bf16] step 158/1000 (15.8%)  wall= 227.8s  tps≈  710.2
[orchard][ref_no_flash_mac2-2_bf16] step 166/1000 (16.6%)  wall= 239.2s  tps≈  710.6
[orchard][ref_no_flash_mac2-2_bf16] step 174/1000 (17.4%)  wall= 250.6s  tps≈  711.0
[orchard][ref_no_flash_mac2-2_bf16] step 182/1000 (18.2%)  wall= 261.9s  tps≈  711.5
[orchard][ref_no_flash_mac2-2_bf16] step 190/1000 (19.0%)  wall= 273.3s  tps≈  711.9
[orchard][ref_no_flash_mac2-2_bf16] step 197/1000 (19.7%)  wall= 283.3s  tps≈  712.1
[orchard][ref_no_flash_mac2-2_bf16] step 205/1000 (20.5%)  wall= 294.8s  tps≈  712.2
[orchard][ref_no_flash_mac2-2_bf16] step 212/1000 (21.2%)  wall= 305.5s  tps≈  710.5
[orchard][ref_no_flash_mac2-2_bf16] step 219/1000 (21.9%)  wall= 316.7s  tps≈  708.2
[orchard][ref_no_flash_mac2-2_bf16] step 225/1000 (22.5%)  wall= 326.7s  tps≈  705.1
[orchard][ref_no_flash_mac2-2_bf16] step 232/1000 (23.2%)  wall= 338.4s  tps≈  702.0
[orchard][ref_no_flash_mac2-2_bf16] step 238/1000 (23.8%)  wall= 348.6s  tps≈  699.1
[orchard][ref_no_flash_mac2-2_bf16] step 245/1000 (24.5%)  wall= 359.4s  tps≈  698.0
[orchard][ref_no_flash_mac2-2_bf16] step 252/1000 (25.2%)  wall= 370.2s  tps≈  697.0
[orchard][ref_no_flash_mac2-2_bf16] step 259/1000 (25.9%)  wall= 381.0s  tps≈  696.0
[orchard][ref_no_flash_mac2-2_bf16] step 266/1000 (26.6%)  wall= 391.5s  tps≈  695.8
[orchard][ref_no_flash_mac2-2_bf16] step 273/1000 (27.3%)  wall= 401.6s  tps≈  696.1
[orchard][ref_no_flash_mac2-2_bf16] step 280/1000 (28.0%)  wall= 411.9s  tps≈  696.0
[orchard][ref_no_flash_mac2-2_bf16] step 287/1000 (28.7%)  wall= 422.4s  tps≈  695.8
[orchard][ref_no_flash_mac2-2_bf16] step 294/1000 (29.4%)  wall= 433.1s  tps≈  695.1
[orchard][ref_no_flash_mac2-2_bf16] step 301/1000 (30.1%)  wall= 443.3s  tps≈  695.3
[orchard][ref_no_flash_mac2-2_bf16] step 308/1000 (30.8%)  wall= 453.8s  tps≈  695.0
[orchard][ref_no_flash_mac2-2_bf16] step 315/1000 (31.5%)  wall= 464.8s  tps≈  693.9
[orchard][ref_no_flash_mac2-2_bf16] step 322/1000 (32.2%)  wall= 475.9s  tps≈  692.9
[orchard][ref_no_flash_mac2-2_bf16] step 329/1000 (32.9%)  wall= 487.2s  tps≈  691.5
[orchard][ref_no_flash_mac2-2_bf16] step 335/1000 (33.5%)  wall= 497.5s  tps≈  689.5
[orchard][ref_no_flash_mac2-2_bf16] step 341/1000 (34.1%)  wall= 508.4s  tps≈  686.9
[orchard][ref_no_flash_mac2-2_bf16] step 348/1000 (34.8%)  wall= 519.8s  tps≈  685.6
[orchard][ref_no_flash_mac2-2_bf16] step 355/1000 (35.5%)  wall= 530.5s  tps≈  685.2
[orchard][ref_no_flash_mac2-2_bf16] step 361/1000 (36.1%)  wall= 540.7s  tps≈  683.7
[orchard][ref_no_flash_mac2-2_bf16] step 366/1000 (36.6%)  wall= 551.4s  tps≈  679.7
[orchard][ref_no_flash_mac2-2_bf16] step 372/1000 (37.2%)  wall= 562.1s  tps≈  677.6
[orchard][ref_no_flash_mac2-2_bf16] step 378/1000 (37.8%)  wall= 573.4s  tps≈  675.1
[orchard][ref_no_flash_mac2-2_bf16] step 383/1000 (38.3%)  wall= 583.8s  tps≈  671.8
[orchard][ref_no_flash_mac2-2_bf16] step 388/1000 (38.8%)  wall= 595.8s  tps≈  666.9
[orchard][ref_no_flash_mac2-2_bf16] step 392/1000 (39.2%)  wall= 606.2s  tps≈  662.2
[orchard][ref_no_flash_mac2-2_bf16] step 396/1000 (39.6%)  wall= 616.7s  tps≈  657.5
[orchard][ref_no_flash_mac2-2_bf16] step 400/1000 (40.0%)  wall= 627.2s  tps≈  653.1
[orchard][ref_no_flash_mac2-2_bf16] step 404/1000 (40.4%)  wall= 637.7s  tps≈  648.8
[orchard][ref_no_flash_mac2-2_bf16] step 409/1000 (40.9%)  wall= 648.2s  tps≈  646.1
[orchard][ref_no_flash_mac2-2_bf16] step 413/1000 (41.3%)  wall= 659.2s  tps≈  641.6
[orchard][ref_no_flash_mac2-2_bf16] step 417/1000 (41.7%)  wall= 669.9s  tps≈  637.4
[orchard][ref_no_flash_mac2-2_bf16] step 421/1000 (42.1%)  wall= 680.4s  tps≈  633.6
[orchard][ref_no_flash_mac2-2_bf16] step 426/1000 (42.6%)  wall= 691.6s  tps≈  630.7
[orchard][ref_no_flash_mac2-2_bf16] step 430/1000 (43.0%)  wall= 702.4s  tps≈  626.9
[orchard][ref_no_flash_mac2-2_bf16] step 434/1000 (43.4%)  wall= 713.4s  tps≈  622.9
[orchard][ref_no_flash_mac2-2_bf16] step 438/1000 (43.8%)  wall= 723.7s  tps≈  619.7
[orchard][ref_no_flash_mac2-2_bf16] step 442/1000 (44.2%)  wall= 734.3s  tps≈  616.4
[orchard][ref_no_flash_mac2-2_bf16] step 447/1000 (44.7%)  wall= 746.1s  tps≈  613.5
[orchard][ref_no_flash_mac2-2_bf16] step 451/1000 (45.1%)  wall= 757.3s  tps≈  609.8
[orchard][ref_no_flash_mac2-2_bf16] step 455/1000 (45.5%)  wall= 769.2s  tps≈  605.8
[orchard][ref_no_flash_mac2-2_bf16] step 459/1000 (45.9%)  wall= 780.1s  tps≈  602.5
[orchard][ref_no_flash_mac2-2_bf16] step 464/1000 (46.4%)  wall= 792.4s  tps≈  599.6
[orchard][ref_no_flash_mac2-2_bf16] step 469/1000 (46.9%)  wall= 803.2s  tps≈  597.9
[orchard][ref_no_flash_mac2-2_bf16] step 473/1000 (47.3%)  wall= 813.2s  tps≈  595.6
[orchard][ref_no_flash_mac2-2_bf16] step 477/1000 (47.7%)  wall= 823.4s  tps≈  593.2
[orchard][ref_no_flash_mac2-2_bf16] step 482/1000 (48.2%)  wall= 835.9s  tps≈  590.4
[orchard][ref_no_flash_mac2-2_bf16] step 487/1000 (48.7%)  wall= 848.1s  tps≈  588.0
[orchard][ref_no_flash_mac2-2_bf16] step 492/1000 (49.2%)  wall= 859.7s  tps≈  586.0
[orchard][ref_no_flash_mac2-2_bf16] step 497/1000 (49.7%)  wall= 871.1s  tps≈  584.3
[orchard][ref_no_flash_mac2-2_bf16] step 501/1000 (50.1%)  wall= 881.2s  tps≈  582.2
[orchard][ref_no_flash_mac2-2_bf16] step 505/1000 (50.5%)  wall= 891.3s  tps≈  580.2
[orchard][ref_no_flash_mac2-2_bf16] step 509/1000 (50.9%)  wall= 901.8s  tps≈  578.0
[orchard][ref_no_flash_mac2-2_bf16] step 513/1000 (51.3%)  wall= 911.9s  tps≈  576.1
[orchard][ref_no_flash_mac2-2_bf16] step 518/1000 (51.8%)  wall= 925.7s  tps≈  573.0
[orchard][ref_no_flash_mac2-2_bf16] step 523/1000 (52.3%)  wall= 938.1s  tps≈  570.9
[orchard][ref_no_flash_mac2-2_bf16] step 527/1000 (52.7%)  wall= 948.9s  tps≈  568.7
[orchard][ref_no_flash_mac2-2_bf16] step 531/1000 (53.1%)  wall= 960.7s  tps≈  566.0
[orchard][ref_no_flash_mac2-2_bf16] step 535/1000 (53.5%)  wall= 971.3s  tps≈  564.0
[orchard][ref_no_flash_mac2-2_bf16] step 539/1000 (53.9%)  wall= 981.5s  tps≈  562.4
[orchard][ref_no_flash_mac2-2_bf16] step 544/1000 (54.4%)  wall= 992.5s  tps≈  561.3
[orchard][ref_no_flash_mac2-2_bf16] step 550/1000 (55.0%)  wall=1003.5s  tps≈  561.2
[orchard][ref_no_flash_mac2-2_bf16] step 556/1000 (55.6%)  wall=1015.3s  tps≈  560.8
[orchard][ref_no_flash_mac2-2_bf16] step 561/1000 (56.1%)  wall=1027.5s  tps≈  559.1
[orchard][ref_no_flash_mac2-2_bf16] step 567/1000 (56.7%)  wall=1038.7s  tps≈  559.0
[orchard][ref_no_flash_mac2-2_bf16] step 572/1000 (57.2%)  wall=1049.8s  tps≈  558.0
[orchard][ref_no_flash_mac2-2_bf16] step 576/1000 (57.6%)  wall=1060.4s  tps≈  556.2
[orchard][ref_no_flash_mac2-2_bf16] step 581/1000 (58.1%)  wall=1072.0s  tps≈  555.0
[orchard][ref_no_flash_mac2-2_bf16] step 585/1000 (58.5%)  wall=1082.4s  tps≈  553.5
[orchard][ref_no_flash_mac2-2_bf16] step 590/1000 (59.0%)  wall=1093.3s  tps≈  552.6
[orchard][ref_no_flash_mac2-2_bf16] step 594/1000 (59.4%)  wall=1103.8s  tps≈  551.1
[orchard][ref_no_flash_mac2-2_bf16] step 598/1000 (59.8%)  wall=1114.6s  tps≈  549.4
[orchard][ref_no_flash_mac2-2_bf16] step 602/1000 (60.2%)  wall=1125.7s  tps≈  547.6
[orchard][ref_no_flash_mac2-2_bf16] step 606/1000 (60.6%)  wall=1136.2s  tps≈  546.2
[orchard][ref_no_flash_mac2-2_bf16] step 610/1000 (61.0%)  wall=1147.0s  tps≈  544.6
[orchard][ref_no_flash_mac2-2_bf16] step 615/1000 (61.5%)  wall=1159.5s  tps≈  543.1
[orchard][ref_no_flash_mac2-2_bf16] step 619/1000 (61.9%)  wall=1170.3s  tps≈  541.6
[orchard][ref_no_flash_mac2-2_bf16] step 624/1000 (62.4%)  wall=1182.9s  tps≈  540.2
[orchard][ref_no_flash_mac2-2_bf16] step 628/1000 (62.8%)  wall=1193.5s  tps≈  538.8
[orchard][ref_no_flash_mac2-2_bf16] step 632/1000 (63.2%)  wall=1203.9s  tps≈  537.6
[orchard][ref_no_flash_mac2-2_bf16] step 636/1000 (63.6%)  wall=1214.2s  tps≈  536.4
[orchard][ref_no_flash_mac2-2_bf16] step 641/1000 (64.1%)  wall=1224.6s  tps≈  536.0
[orchard][ref_no_flash_mac2-2_bf16] step 646/1000 (64.6%)  wall=1234.9s  tps≈  535.7
[orchard][ref_no_flash_mac2-2_bf16] step 651/1000 (65.1%)  wall=1246.5s  tps≈  534.8
[orchard][ref_no_flash_mac2-2_bf16] step 655/1000 (65.5%)  wall=1256.8s  tps≈  533.7
[orchard][ref_no_flash_mac2-2_bf16] step 659/1000 (65.9%)  wall=1267.4s  tps≈  532.4
[orchard][ref_no_flash_mac2-2_bf16] step 663/1000 (66.3%)  wall=1278.0s  tps≈  531.2
[orchard][ref_no_flash_mac2-2_bf16] step 667/1000 (66.7%)  wall=1288.0s  tps≈  530.3
[orchard][ref_no_flash_mac2-2_bf16] step 671/1000 (67.1%)  wall=1299.1s  tps≈  528.9
[orchard][ref_no_flash_mac2-2_bf16] step 675/1000 (67.5%)  wall=1310.0s  tps≈  527.6
[orchard][ref_no_flash_mac2-2_bf16] step 679/1000 (67.9%)  wall=1320.7s  tps≈  526.5
[orchard][ref_no_flash_mac2-2_bf16] step 683/1000 (68.3%)  wall=1331.2s  tps≈  525.4
[orchard][ref_no_flash_mac2-2_bf16] step 687/1000 (68.7%)  wall=1342.1s  tps≈  524.2
[orchard][ref_no_flash_mac2-2_bf16] step 692/1000 (69.2%)  wall=1353.5s  tps≈  523.5
[orchard][ref_no_flash_mac2-2_bf16] step 696/1000 (69.6%)  wall=1363.9s  tps≈  522.5
[orchard][ref_no_flash_mac2-2_bf16] step 700/1000 (70.0%)  wall=1374.0s  tps≈  521.7
[orchard][ref_no_flash_mac2-2_bf16] step 704/1000 (70.4%)  wall=1384.4s  tps≈  520.7
[orchard][ref_no_flash_mac2-2_bf16] step 709/1000 (70.9%)  wall=1394.5s  tps≈  520.6
[orchard][ref_no_flash_mac2-2_bf16] step 714/1000 (71.4%)  wall=1406.2s  tps≈  519.9
[orchard][ref_no_flash_mac2-2_bf16] step 719/1000 (71.9%)  wall=1417.9s  tps≈  519.3
[orchard][ref_no_flash_mac2-2_bf16] step 724/1000 (72.4%)  wall=1429.6s  tps≈  518.6
[orchard][ref_no_flash_mac2-2_bf16] step 728/1000 (72.8%)  wall=1440.4s  tps≈  517.6
[orchard][ref_no_flash_mac2-2_bf16] step 732/1000 (73.2%)  wall=1451.4s  tps≈  516.5
[orchard][ref_no_flash_mac2-2_bf16] step 736/1000 (73.6%)  wall=1461.7s  tps≈  515.6
[orchard][ref_no_flash_mac2-2_bf16] step 740/1000 (74.0%)  wall=1473.0s  tps≈  514.4
[orchard][ref_no_flash_mac2-2_bf16] step 744/1000 (74.4%)  wall=1484.2s  tps≈  513.3
[orchard][ref_no_flash_mac2-2_bf16] step 748/1000 (74.8%)  wall=1495.0s  tps≈  512.3
[orchard][ref_no_flash_mac2-2_bf16] step 752/1000 (75.2%)  wall=1506.2s  tps≈  511.3
[orchard][ref_no_flash_mac2-2_bf16] step 756/1000 (75.6%)  wall=1516.7s  tps≈  510.4
[orchard][ref_no_flash_mac2-2_bf16] step 760/1000 (76.0%)  wall=1527.4s  tps≈  509.5
[orchard][ref_no_flash_mac2-2_bf16] step 764/1000 (76.4%)  wall=1537.9s  tps≈  508.7
[orchard][ref_no_flash_mac2-2_bf16] step 768/1000 (76.8%)  wall=1547.9s  tps≈  508.1
[orchard][ref_no_flash_mac2-2_bf16] step 772/1000 (77.2%)  wall=1559.0s  tps≈  507.1
[orchard][ref_no_flash_mac2-2_bf16] step 776/1000 (77.6%)  wall=1569.8s  tps≈  506.2
[orchard][ref_no_flash_mac2-2_bf16] step 781/1000 (78.1%)  wall=1581.1s  tps≈  505.8
[orchard][ref_no_flash_mac2-2_bf16] step 785/1000 (78.5%)  wall=1591.7s  tps≈  505.0
[orchard][ref_no_flash_mac2-2_bf16] step 789/1000 (78.9%)  wall=1602.8s  tps≈  504.1
[orchard][ref_no_flash_mac2-2_bf16] step 793/1000 (79.3%)  wall=1613.2s  tps≈  503.4
[orchard][ref_no_flash_mac2-2_bf16] step 798/1000 (79.8%)  wall=1625.2s  tps≈  502.8
[orchard][ref_no_flash_mac2-2_bf16] step 802/1000 (80.2%)  wall=1635.6s  tps≈  502.1
[orchard][ref_no_flash_mac2-2_bf16] step 807/1000 (80.7%)  wall=1648.0s  tps≈  501.4
[orchard][ref_no_flash_mac2-2_bf16] step 810/1000 (81.0%)  wall=1659.6s  tps≈  499.8
[orchard][ref_no_flash_mac2-2_bf16] step 814/1000 (81.4%)  wall=1669.9s  tps≈  499.1
[orchard][ref_no_flash_mac2-2_bf16] step 818/1000 (81.8%)  wall=1680.5s  tps≈  498.4
[orchard][ref_no_flash_mac2-2_bf16] step 822/1000 (82.2%)  wall=1691.1s  tps≈  497.7
[orchard][ref_no_flash_mac2-2_bf16] step 828/1000 (82.8%)  wall=1702.7s  tps≈  497.9
[orchard][ref_no_flash_mac2-2_bf16] step 834/1000 (83.4%)  wall=1715.2s  tps≈  497.9
[orchard][ref_no_flash_mac2-2_bf16] step 840/1000 (84.0%)  wall=1726.5s  tps≈  498.2
[orchard][ref_no_flash_mac2-2_bf16] step 845/1000 (84.5%)  wall=1737.0s  tps≈  498.2
[orchard][ref_no_flash_mac2-2_bf16] step 851/1000 (85.1%)  wall=1748.4s  tps≈  498.4
[orchard][ref_no_flash_mac2-2_bf16] step 857/1000 (85.7%)  wall=1760.8s  tps≈  498.4
[orchard][ref_no_flash_mac2-2_bf16] step 862/1000 (86.2%)  wall=1773.4s  tps≈  497.7
[orchard][ref_no_flash_mac2-2_bf16] step 867/1000 (86.7%)  wall=1783.6s  tps≈  497.8
[orchard][ref_no_flash_mac2-2_bf16] step 872/1000 (87.2%)  wall=1793.7s  tps≈  497.8
[orchard][ref_no_flash_mac2-2_bf16] step 877/1000 (87.7%)  wall=1803.8s  tps≈  497.9
[orchard][ref_no_flash_mac2-2_bf16] step 882/1000 (88.2%)  wall=1814.3s  tps≈  497.8
[orchard][ref_no_flash_mac2-2_bf16] step 887/1000 (88.7%)  wall=1825.0s  tps≈  497.7
[orchard][ref_no_flash_mac2-2_bf16] step 892/1000 (89.2%)  wall=1836.2s  tps≈  497.4
[orchard][ref_no_flash_mac2-2_bf16] step 897/1000 (89.7%)  wall=1846.6s  tps≈  497.4
[orchard][ref_no_flash_mac2-2_bf16] step 902/1000 (90.2%)  wall=1858.0s  tps≈  497.1
[orchard][ref_no_flash_mac2-2_bf16] step 907/1000 (90.7%)  wall=1869.3s  tps≈  496.9
[orchard][ref_no_flash_mac2-2_bf16] step 912/1000 (91.2%)  wall=1879.8s  tps≈  496.8
[orchard][ref_no_flash_mac2-2_bf16] step 917/1000 (91.7%)  wall=1891.0s  tps≈  496.6
[orchard][ref_no_flash_mac2-2_bf16] step 921/1000 (92.1%)  wall=1901.6s  tps≈  496.0
[orchard][ref_no_flash_mac2-2_bf16] step 925/1000 (92.5%)  wall=1912.0s  tps≈  495.4
[orchard][ref_no_flash_mac2-2_bf16] step 930/1000 (93.0%)  wall=1924.7s  tps≈  494.8
[orchard][ref_no_flash_mac2-2_bf16] step 934/1000 (93.4%)  wall=1934.9s  tps≈  494.3
[orchard][ref_no_flash_mac2-2_bf16] step 938/1000 (93.8%)  wall=1946.4s  tps≈  493.5
[orchard][ref_no_flash_mac2-2_bf16] step 942/1000 (94.2%)  wall=1959.5s  tps≈  492.3
[orchard][ref_no_flash_mac2-2_bf16] step 945/1000 (94.5%)  wall=1970.7s  tps≈  491.0
[orchard][ref_no_flash_mac2-2_bf16] step 949/1000 (94.9%)  wall=1981.5s  tps≈  490.4
[orchard][ref_no_flash_mac2-2_bf16] step 954/1000 (95.4%)  wall=1991.8s  tps≈  490.5
[orchard][ref_no_flash_mac2-2_bf16] step 958/1000 (95.8%)  wall=2002.6s  tps≈  489.9
[orchard][ref_no_flash_mac2-2_bf16] step 962/1000 (96.2%)  wall=2014.2s  tps≈  489.1
[orchard][ref_no_flash_mac2-2_bf16] step 966/1000 (96.6%)  wall=2025.0s  tps≈  488.5
[orchard][ref_no_flash_mac2-2_bf16] step 972/1000 (97.2%)  wall=2038.4s  tps≈  488.3
[orchard][ref_no_flash_mac2-2_bf16] step 976/1000 (97.6%)  wall=2049.1s  tps≈  487.7
[orchard][ref_no_flash_mac2-2_bf16] step 980/1000 (98.0%)  wall=2060.1s  tps≈  487.1
[orchard][ref_no_flash_mac2-2_bf16] step 984/1000 (98.4%)  wall=2071.2s  tps≈  486.5
[orchard][ref_no_flash_mac2-2_bf16] step 988/1000 (98.8%)  wall=2083.1s  tps≈  485.7
[orchard][ref_no_flash_mac2-2_bf16] step 992/1000 (99.2%)  wall=2093.8s  tps≈  485.2
[orchard][ref_no_flash_mac2-2_bf16] step 996/1000 (99.6%)  wall=2105.0s  tps≈  484.5
[orchard][ref_no_flash_mac2-2_bf16] step 1000/1000 (100.0%)  wall=2115.9s  tps≈  484.0
JSON:{"schema": "orchard_bench_v1", "tag": "ref_no_flash_mac2-2_bf16", "commit": "34969e4", "dataset_sha": "57f3eb280cfe78d8cebe3aa76d7416607845416e22464dd9709ccb487f8d7b92", "batch": 2, "seq": 512, "micro_steps": 1000, "total_tokens": 1024000, "throughput_tps": 483.87446433713006, "tokenize_s": 10.7355, "copy_s": 37.7145, "copy_mb_s": 0.22, "train_s": 0.0, "host_to_gpu_mb": 8.19, "avg_loss_stub": 0.574789007376181, "max_grad": 159.0, "dtype": "torch.bfloat16", "bf16": true, "flash": {"enabled": false}, "metal_ver": "unknown", "seed": 42, "timeline": [], "avg_gpu_w": 4801.433029284685, "avg_gpu_temp": null}
