/Users/ianreitsma/projects/orchard/orchard-env/lib/python3.9/site-packages/urllib3/__init__.py:35: NotOpenSSLWarning: urllib3 v2 only supports OpenSSL 1.1.1+, currently the 'ssl' module is compiled with 'LibreSSL 2.8.3'. See: https://github.com/urllib3/urllib3/issues/3020
  warnings.warn(
`loss_type=None` was set in the config but it is unrecognised.Using the default loss: `ForCausalLMLoss`.
[orchard][ref_no_flash_mac1-100-2_bf16] step 1/100 ( 1.0%)  wall=   2.0s  tps≈  507.4
[orchard][ref_no_flash_mac1-100-2_bf16] step 8/100 ( 8.0%)  wall=  13.0s  tps≈  628.7
[orchard][ref_no_flash_mac1-100-2_bf16] step 15/100 (15.0%)  wall=  23.2s  tps≈  661.0
[orchard][ref_no_flash_mac1-100-2_bf16] step 22/100 (22.0%)  wall=  33.5s  tps≈  673.5
[orchard][ref_no_flash_mac1-100-2_bf16] step 29/100 (29.0%)  wall=  43.6s  tps≈  681.8
[orchard][ref_no_flash_mac1-100-2_bf16] step 36/100 (36.0%)  wall=  53.7s  tps≈  686.3
[orchard][ref_no_flash_mac1-100-2_bf16] step 43/100 (43.0%)  wall=  63.9s  tps≈  688.9
[orchard][ref_no_flash_mac1-100-2_bf16] step 50/100 (50.0%)  wall=  74.2s  tps≈  689.9
[orchard][ref_no_flash_mac1-100-2_bf16] step 57/100 (57.0%)  wall=  84.3s  tps≈  692.3
[orchard][ref_no_flash_mac1-100-2_bf16] step 64/100 (64.0%)  wall=  94.4s  tps≈  694.3
[orchard][ref_no_flash_mac1-100-2_bf16] step 71/100 (71.0%)  wall= 104.7s  tps≈  694.7
[orchard][ref_no_flash_mac1-100-2_bf16] step 78/100 (78.0%)  wall= 114.9s  tps≈  695.4
[orchard][ref_no_flash_mac1-100-2_bf16] step 85/100 (85.0%)  wall= 125.0s  tps≈  696.1
[orchard][ref_no_flash_mac1-100-2_bf16] step 92/100 (92.0%)  wall= 135.2s  tps≈  696.6
[orchard][ref_no_flash_mac1-100-2_bf16] step 99/100 (99.0%)  wall= 145.3s  tps≈  697.6
[orchard][ref_no_flash_mac1-100-2_bf16] step 100/100 (100.0%)  wall= 146.8s  tps≈  697.5
JSON:{"schema": "orchard_bench_v1", "tag": "ref_no_flash_mac1-100-2_bf16", "commit": "34969e4", "dataset_sha": "57f3eb280cfe78d8cebe3aa76d7416607845416e22464dd9709ccb487f8d7b92", "batch": 2, "seq": 512, "micro_steps": 100, "total_tokens": 102400, "throughput_tps": 695.7519001303217, "tokenize_s": 0.5418, "copy_s": 2.6625, "copy_mb_s": 0.31, "train_s": 0.0, "host_to_gpu_mb": 0.82, "avg_loss_stub": 0.8721076791360974, "max_grad": 159.0, "dtype": "torch.bfloat16", "bf16": true, "flash": {"enabled": false}, "metal_ver": "32023.620", "seed": 42, "timeline": [], "avg_gpu_w": 5456.626666666667, "avg_gpu_temp": null}
