/Users/ianreitsma/projects/orchard/orchard-env/lib/python3.9/site-packages/urllib3/__init__.py:35: NotOpenSSLWarning: urllib3 v2 only supports OpenSSL 1.1.1+, currently the 'ssl' module is compiled with 'LibreSSL 2.8.3'. See: https://github.com/urllib3/urllib3/issues/3020
  warnings.warn(
MPS available: True MPS built: True
[orchard] FlashAttention loaded (SHA e036b691…)
`loss_type=None` was set in the config but it is unrecognised.Using the default loss: `ForCausalLMLoss`.
[orchard][ref_mac1-3-100-gpu_bs2_flash_bf16] step 1/100 ( 1.0%)  wall=   1.9s  tps≈  538.8
[orchard][ref_mac1-3-100-gpu_bs2_flash_bf16] step 8/100 ( 8.0%)  wall=  12.9s  tps≈  635.4
[orchard][ref_mac1-3-100-gpu_bs2_flash_bf16] step 15/100 (15.0%)  wall=  23.0s  tps≈  666.4
[orchard][ref_mac1-3-100-gpu_bs2_flash_bf16] step 22/100 (22.0%)  wall=  33.1s  tps≈  679.8
[orchard][ref_mac1-3-100-gpu_bs2_flash_bf16] step 30/100 (30.0%)  wall=  44.5s  tps≈  689.7
[orchard][ref_mac1-3-100-gpu_bs2_flash_bf16] step 37/100 (37.0%)  wall=  54.6s  tps≈  694.5
[orchard][ref_mac1-3-100-gpu_bs2_flash_bf16] step 44/100 (44.0%)  wall=  64.6s  tps≈  697.5
[orchard][ref_mac1-3-100-gpu_bs2_flash_bf16] step 51/100 (51.0%)  wall=  74.6s  tps≈  700.1
[orchard][ref_mac1-3-100-gpu_bs2_flash_bf16] step 59/100 (59.0%)  wall=  86.0s  tps≈  702.5
[orchard][ref_mac1-3-100-gpu_bs2_flash_bf16] step 66/100 (66.0%)  wall=  96.0s  tps≈  703.7
[orchard][ref_mac1-3-100-gpu_bs2_flash_bf16] step 74/100 (74.0%)  wall= 107.5s  tps≈  704.9
[orchard][ref_mac1-3-100-gpu_bs2_flash_bf16] step 81/100 (81.0%)  wall= 117.5s  tps≈  705.8
[orchard][ref_mac1-3-100-gpu_bs2_flash_bf16] step 89/100 (89.0%)  wall= 128.9s  tps≈  706.8
[orchard][ref_mac1-3-100-gpu_bs2_flash_bf16] step 96/100 (96.0%)  wall= 139.3s  tps≈  705.7
[orchard][ref_mac1-3-100-gpu_bs2_flash_bf16] step 100/100 (100.0%)  wall= 145.1s  tps≈  705.5
JSON:{"schema": "orchard_bench_v1", "tag": "ref_mac1-3-100-gpu_bs2_flash_bf16", "commit": "d512501", "dataset_sha": "57f3eb280cfe78d8cebe3aa76d7416607845416e22464dd9709ccb487f8d7b92", "batch": 2, "seq": 512, "micro_steps": 100, "total_tokens": 102400, "throughput_tps": 704.2607577203288, "tokenize_s": 0.2831, "copy_s": 3.001, "copy_mb_s": 0.27, "train_s": 0.0, "host_to_gpu_mb": 0.82, "avg_loss_stub": 0.8721076791360974, "max_grad": 159.0, "dtype": "torch.bfloat16", "bf16": true, "flash": {"enabled": true, "sha": "e036b69162f349edcc4f5d14b31e837ec3ce67738ff188c228efeeaa9ea7cb2e", "built": "2025-07-01T01:52:10", "metal": "32023.620"}, "metal_ver": "32023.620", "seed": 42, "timeline": [], "avg_gpu_w": 5385.847972972973, "avg_gpu_temp": null}
