/Users/ianreitsma/projects/orchard/orchard-env/lib/python3.9/site-packages/urllib3/__init__.py:35: NotOpenSSLWarning: urllib3 v2 only supports OpenSSL 1.1.1+, currently the 'ssl' module is compiled with 'LibreSSL 2.8.3'. See: https://github.com/urllib3/urllib3/issues/3020
  warnings.warn(
MPS available: True MPS built: True
`loss_type=None` was set in the config but it is unrecognised.Using the default loss: `ForCausalLMLoss`.
[orchard][ref_mac1-1-100-gpu_bs2_no_flash_bf16] step 1/100 ( 1.0%)  wall=   1.9s  tps≈  537.1
[orchard][ref_mac1-1-100-gpu_bs2_no_flash_bf16] step 8/100 ( 8.0%)  wall=  12.1s  tps≈  677.2
[orchard][ref_mac1-1-100-gpu_bs2_no_flash_bf16] step 15/100 (15.0%)  wall=  22.3s  tps≈  690.1
[orchard][ref_mac1-1-100-gpu_bs2_no_flash_bf16] step 22/100 (22.0%)  wall=  33.1s  tps≈  680.2
[orchard][ref_mac1-1-100-gpu_bs2_no_flash_bf16] step 29/100 (29.0%)  wall=  43.1s  tps≈  688.5
[orchard][ref_mac1-1-100-gpu_bs2_no_flash_bf16] step 36/100 (36.0%)  wall=  53.9s  tps≈  684.2
[orchard][ref_mac1-1-100-gpu_bs2_no_flash_bf16] step 42/100 (42.0%)  wall=  63.9s  tps≈  673.1
[orchard][ref_mac1-1-100-gpu_bs2_no_flash_bf16] step 49/100 (49.0%)  wall=  74.3s  tps≈  675.5
[orchard][ref_mac1-1-100-gpu_bs2_no_flash_bf16] step 56/100 (56.0%)  wall=  84.4s  tps≈  679.6
[orchard][ref_mac1-1-100-gpu_bs2_no_flash_bf16] step 63/100 (63.0%)  wall=  94.5s  tps≈  682.8
[orchard][ref_mac1-1-100-gpu_bs2_no_flash_bf16] step 70/100 (70.0%)  wall= 104.6s  tps≈  685.2
[orchard][ref_mac1-1-100-gpu_bs2_no_flash_bf16] step 77/100 (77.0%)  wall= 114.7s  tps≈  687.7
[orchard][ref_mac1-1-100-gpu_bs2_no_flash_bf16] step 84/100 (84.0%)  wall= 124.7s  tps≈  689.7
[orchard][ref_mac1-1-100-gpu_bs2_no_flash_bf16] step 91/100 (91.0%)  wall= 134.9s  tps≈  690.8
[orchard][ref_mac1-1-100-gpu_bs2_no_flash_bf16] step 98/100 (98.0%)  wall= 145.0s  tps≈  692.1
[orchard][ref_mac1-1-100-gpu_bs2_no_flash_bf16] step 100/100 (100.0%)  wall= 147.9s  tps≈  692.3
JSON:{"schema": "orchard_bench_v1", "tag": "ref_mac1-1-100-gpu_bs2_no_flash_bf16", "commit": "d512501", "dataset_sha": "57f3eb280cfe78d8cebe3aa76d7416607845416e22464dd9709ccb487f8d7b92", "batch": 2, "seq": 512, "micro_steps": 100, "total_tokens": 102400, "throughput_tps": 690.5580424668518, "tokenize_s": 0.2837, "copy_s": 3.3001, "copy_mb_s": 0.25, "train_s": 0.0, "host_to_gpu_mb": 0.82, "avg_loss_stub": 0.8721076791360974, "max_grad": 159.0, "dtype": "torch.bfloat16", "bf16": true, "flash": {"enabled": false}, "metal_ver": "32023.620", "seed": 42, "timeline": [], "avg_gpu_w": 5495.266666666666, "avg_gpu_temp": null}
