/Users/ianreitsma/projects/orchard/orchard-env/lib/python3.9/site-packages/urllib3/__init__.py:35: NotOpenSSLWarning: urllib3 v2 only supports OpenSSL 1.1.1+, currently the 'ssl' module is compiled with 'LibreSSL 2.8.3'. See: https://github.com/urllib3/urllib3/issues/3020
  warnings.warn(
MPS available: True MPS built: True
[orchard] FlashAttention loaded (SHA e036b691…)
`loss_type=None` was set in the config but it is unrecognised.Using the default loss: `ForCausalLMLoss`.
[orchard][ref_mac1-1-100-gpu_bs2_flash_bf16] step 1/100 ( 1.0%)  wall=   1.9s  tps≈  540.6
[orchard][ref_mac1-1-100-gpu_bs2_flash_bf16] step 8/100 ( 8.0%)  wall=  12.1s  tps≈  674.8
[orchard][ref_mac1-1-100-gpu_bs2_flash_bf16] step 15/100 (15.0%)  wall=  22.2s  tps≈  692.3
[orchard][ref_mac1-1-100-gpu_bs2_flash_bf16] step 22/100 (22.0%)  wall=  32.3s  tps≈  697.4
[orchard][ref_mac1-1-100-gpu_bs2_flash_bf16] step 29/100 (29.0%)  wall=  42.3s  tps≈  701.6
[orchard][ref_mac1-1-100-gpu_bs2_flash_bf16] step 36/100 (36.0%)  wall=  52.4s  tps≈  703.9
[orchard][ref_mac1-1-100-gpu_bs2_flash_bf16] step 43/100 (43.0%)  wall=  62.5s  tps≈  704.7
[orchard][ref_mac1-1-100-gpu_bs2_flash_bf16] step 50/100 (50.0%)  wall=  72.5s  tps≈  706.3
[orchard][ref_mac1-1-100-gpu_bs2_flash_bf16] step 57/100 (57.0%)  wall=  82.6s  tps≈  707.0
[orchard][ref_mac1-1-100-gpu_bs2_flash_bf16] step 65/100 (65.0%)  wall=  94.0s  tps≈  708.3
[orchard][ref_mac1-1-100-gpu_bs2_flash_bf16] step 73/100 (73.0%)  wall= 105.4s  tps≈  709.3
[orchard][ref_mac1-1-100-gpu_bs2_flash_bf16] step 80/100 (80.0%)  wall= 115.4s  tps≈  709.6
[orchard][ref_mac1-1-100-gpu_bs2_flash_bf16] step 88/100 (88.0%)  wall= 126.9s  tps≈  710.1
[orchard][ref_mac1-1-100-gpu_bs2_flash_bf16] step 95/100 (95.0%)  wall= 137.2s  tps≈  709.3
[orchard][ref_mac1-1-100-gpu_bs2_flash_bf16] step 100/100 (100.0%)  wall= 144.4s  tps≈  709.1
JSON:{"schema": "orchard_bench_v1", "tag": "ref_mac1-1-100-gpu_bs2_flash_bf16", "commit": "d512501", "dataset_sha": "57f3eb280cfe78d8cebe3aa76d7416607845416e22464dd9709ccb487f8d7b92", "batch": 2, "seq": 512, "micro_steps": 100, "total_tokens": 102400, "throughput_tps": 707.160807838668, "tokenize_s": 0.303, "copy_s": 2.9254, "copy_mb_s": 0.28, "train_s": 0.0, "host_to_gpu_mb": 0.82, "avg_loss_stub": 0.8721076791360974, "max_grad": 159.0, "dtype": "torch.bfloat16", "bf16": true, "flash": {"enabled": true, "sha": "e036b69162f349edcc4f5d14b31e837ec3ce67738ff188c228efeeaa9ea7cb2e", "built": "2025-07-01T01:52:10", "metal": "32023.620"}, "metal_ver": "32023.620", "seed": 42, "timeline": [], "avg_gpu_w": 5477.044217687075, "avg_gpu_temp": null}
