/Users/ianreitsma/projects/orchard/orchard-env/lib/python3.9/site-packages/urllib3/__init__.py:35: NotOpenSSLWarning: urllib3 v2 only supports OpenSSL 1.1.1+, currently the 'ssl' module is compiled with 'LibreSSL 2.8.3'. See: https://github.com/urllib3/urllib3/issues/3020
  warnings.warn(
[orchard] FlashAttention loaded (SHA e036b691…)
`loss_type=None` was set in the config but it is unrecognised.Using the default loss: `ForCausalLMLoss`.
[orchard][flash_enabled_mac2-100-1_bf16] step 1/100 ( 1.0%)  wall=   1.9s  tps≈  534.3
[orchard][flash_enabled_mac2-100-1_bf16] step 8/100 ( 8.0%)  wall=  12.6s  tps≈  648.1
[orchard][flash_enabled_mac2-100-1_bf16] step 15/100 (15.0%)  wall=  22.9s  tps≈  669.4
[orchard][flash_enabled_mac2-100-1_bf16] step 22/100 (22.0%)  wall=  33.6s  tps≈  671.4
[orchard][flash_enabled_mac2-100-1_bf16] step 29/100 (29.0%)  wall=  43.8s  tps≈  678.7
[orchard][flash_enabled_mac2-100-1_bf16] step 36/100 (36.0%)  wall=  55.0s  tps≈  670.6
[orchard][flash_enabled_mac2-100-1_bf16] step 43/100 (43.0%)  wall=  65.6s  tps≈  671.2
[orchard][flash_enabled_mac2-100-1_bf16] step 50/100 (50.0%)  wall=  76.2s  tps≈  671.9
[orchard][flash_enabled_mac2-100-1_bf16] step 57/100 (57.0%)  wall=  86.5s  tps≈  674.9
[orchard][flash_enabled_mac2-100-1_bf16] step 64/100 (64.0%)  wall=  97.1s  tps≈  675.2
[orchard][flash_enabled_mac2-100-1_bf16] step 71/100 (71.0%)  wall= 107.1s  tps≈  678.9
[orchard][flash_enabled_mac2-100-1_bf16] step 78/100 (78.0%)  wall= 117.5s  tps≈  679.7
[orchard][flash_enabled_mac2-100-1_bf16] step 85/100 (85.0%)  wall= 127.9s  tps≈  680.6
[orchard][flash_enabled_mac2-100-1_bf16] step 92/100 (92.0%)  wall= 138.5s  tps≈  680.2
[orchard][flash_enabled_mac2-100-1_bf16] step 99/100 (99.0%)  wall= 148.9s  tps≈  680.8
[orchard][flash_enabled_mac2-100-1_bf16] step 100/100 (100.0%)  wall= 150.5s  tps≈  680.2
JSON:{"schema": "orchard_bench_v1", "tag": "flash_enabled_mac2-100-1_bf16", "commit": "acca622", "dataset_sha": "57f3eb280cfe78d8cebe3aa76d7416607845416e22464dd9709ccb487f8d7b92", "batch": 2, "seq": 512, "micro_steps": 100, "total_tokens": 102400, "throughput_tps": 678.8051752595455, "tokenize_s": 0.4696, "copy_s": 2.3746, "copy_mb_s": 0.34, "train_s": 0.0, "host_to_gpu_mb": 0.82, "avg_loss_stub": 0.8721955718286335, "max_grad": 159.0, "dtype": "torch.bfloat16", "bf16": true, "flash": {"enabled": true, "sha": "e036b69162f349edcc4f5d14b31e837ec3ce67738ff188c228efeeaa9ea7cb2e", "built": "2025-06-30T23:16:07", "metal": "unknown"}, "metal_ver": "unknown", "seed": 42, "timeline": [], "avg_gpu_w": 5182.025974025974, "avg_gpu_temp": null}
