/Users/ianreitsma/projects/orchard/orchard-env/lib/python3.9/site-packages/urllib3/__init__.py:35: NotOpenSSLWarning: urllib3 v2 only supports OpenSSL 1.1.1+, currently the 'ssl' module is compiled with 'LibreSSL 2.8.3'. See: https://github.com/urllib3/urllib3/issues/3020
  warnings.warn(
[orchard] FlashAttention loaded (SHA e036b691…)
`loss_type=None` was set in the config but it is unrecognised.Using the default loss: `ForCausalLMLoss`.
[orchard][flash_enabled_mac2-100-4_bf16] step 1/100 ( 1.0%)  wall=   1.9s  tps≈  545.0
[orchard][flash_enabled_mac2-100-4_bf16] step 8/100 ( 8.0%)  wall=  12.3s  tps≈  665.4
[orchard][flash_enabled_mac2-100-4_bf16] step 15/100 (15.0%)  wall=  23.1s  tps≈  666.2
[orchard][flash_enabled_mac2-100-4_bf16] step 22/100 (22.0%)  wall=  33.3s  tps≈  675.9
[orchard][flash_enabled_mac2-100-4_bf16] step 29/100 (29.0%)  wall=  44.1s  tps≈  674.1
[orchard][flash_enabled_mac2-100-4_bf16] step 36/100 (36.0%)  wall=  54.3s  tps≈  679.1
[orchard][flash_enabled_mac2-100-4_bf16] step 43/100 (43.0%)  wall=  64.5s  tps≈  683.0
[orchard][flash_enabled_mac2-100-4_bf16] step 50/100 (50.0%)  wall=  74.9s  tps≈  683.8
[orchard][flash_enabled_mac2-100-4_bf16] step 57/100 (57.0%)  wall=  85.2s  tps≈  684.7
[orchard][flash_enabled_mac2-100-4_bf16] step 64/100 (64.0%)  wall=  96.2s  tps≈  681.2
[orchard][flash_enabled_mac2-100-4_bf16] step 71/100 (71.0%)  wall= 106.9s  tps≈  680.2
[orchard][flash_enabled_mac2-100-4_bf16] step 78/100 (78.0%)  wall= 117.5s  tps≈  679.5
[orchard][flash_enabled_mac2-100-4_bf16] step 85/100 (85.0%)  wall= 128.9s  tps≈  675.2
[orchard][flash_enabled_mac2-100-4_bf16] step 90/100 (90.0%)  wall= 139.0s  tps≈  663.1
[orchard][flash_enabled_mac2-100-4_bf16] step 97/100 (97.0%)  wall= 149.9s  tps≈  662.8
[orchard][flash_enabled_mac2-100-4_bf16] step 100/100 (100.0%)  wall= 157.0s  tps≈  652.1
JSON:{"schema": "orchard_bench_v1", "tag": "flash_enabled_mac2-100-4_bf16", "commit": "acca622", "dataset_sha": "57f3eb280cfe78d8cebe3aa76d7416607845416e22464dd9709ccb487f8d7b92", "batch": 2, "seq": 512, "micro_steps": 100, "total_tokens": 102400, "throughput_tps": 650.7671090483339, "tokenize_s": 0.7509, "copy_s": 2.2804, "copy_mb_s": 0.36, "train_s": 0.0, "host_to_gpu_mb": 0.82, "avg_loss_stub": 0.8721955718286335, "max_grad": 159.0, "dtype": "torch.bfloat16", "bf16": true, "flash": {"enabled": true, "sha": "e036b69162f349edcc4f5d14b31e837ec3ce67738ff188c228efeeaa9ea7cb2e", "built": "2025-06-30T23:16:07", "metal": "unknown"}, "metal_ver": "unknown", "seed": 42, "timeline": [], "avg_gpu_w": 5186.220125786163, "avg_gpu_temp": null}
