/Users/ianreitsma/projects/orchard/orchard-env/lib/python3.9/site-packages/urllib3/__init__.py:35: NotOpenSSLWarning: urllib3 v2 only supports OpenSSL 1.1.1+, currently the 'ssl' module is compiled with 'LibreSSL 2.8.3'. See: https://github.com/urllib3/urllib3/issues/3020
  warnings.warn(
[orchard] FlashAttention loaded (SHA e036b691…)
`loss_type=None` was set in the config but it is unrecognised.Using the default loss: `ForCausalLMLoss`.
[orchard][flash_enabled_mac2-100-2_bf16] step 1/100 ( 1.0%)  wall=   1.9s  tps≈  544.2
[orchard][flash_enabled_mac2-100-2_bf16] step 8/100 ( 8.0%)  wall=  12.3s  tps≈  665.1
[orchard][flash_enabled_mac2-100-2_bf16] step 15/100 (15.0%)  wall=  22.4s  tps≈  686.5
[orchard][flash_enabled_mac2-100-2_bf16] step 22/100 (22.0%)  wall=  32.4s  tps≈  695.1
[orchard][flash_enabled_mac2-100-2_bf16] step 30/100 (30.0%)  wall=  43.8s  tps≈  701.2
[orchard][flash_enabled_mac2-100-2_bf16] step 37/100 (37.0%)  wall=  53.9s  tps≈  702.5
[orchard][flash_enabled_mac2-100-2_bf16] step 44/100 (44.0%)  wall=  64.0s  tps≈  703.7
[orchard][flash_enabled_mac2-100-2_bf16] step 51/100 (51.0%)  wall=  74.0s  tps≈  705.4
[orchard][flash_enabled_mac2-100-2_bf16] step 58/100 (58.0%)  wall=  84.1s  tps≈  706.1
[orchard][flash_enabled_mac2-100-2_bf16] step 65/100 (65.0%)  wall=  94.1s  tps≈  707.2
[orchard][flash_enabled_mac2-100-2_bf16] step 72/100 (72.0%)  wall= 104.1s  tps≈  708.1
[orchard][flash_enabled_mac2-100-2_bf16] step 80/100 (80.0%)  wall= 115.6s  tps≈  708.9
[orchard][flash_enabled_mac2-100-2_bf16] step 87/100 (87.0%)  wall= 125.7s  tps≈  708.6
[orchard][flash_enabled_mac2-100-2_bf16] step 94/100 (94.0%)  wall= 135.7s  tps≈  709.1
[orchard][flash_enabled_mac2-100-2_bf16] step 100/100 (100.0%)  wall= 144.3s  tps≈  709.7
JSON:{"schema": "orchard_bench_v1", "tag": "flash_enabled_mac2-100-2_bf16", "commit": "acca622", "dataset_sha": "57f3eb280cfe78d8cebe3aa76d7416607845416e22464dd9709ccb487f8d7b92", "batch": 2, "seq": 512, "micro_steps": 100, "total_tokens": 102400, "throughput_tps": 708.3195841050846, "tokenize_s": 0.4437, "copy_s": 2.3445, "copy_mb_s": 0.35, "train_s": 0.0, "host_to_gpu_mb": 0.82, "avg_loss_stub": 0.8721955718286335, "max_grad": 159.0, "dtype": "torch.bfloat16", "bf16": true, "flash": {"enabled": true, "sha": "e036b69162f349edcc4f5d14b31e837ec3ce67738ff188c228efeeaa9ea7cb2e", "built": "2025-06-30T23:16:07", "metal": "unknown"}, "metal_ver": "unknown", "seed": 42, "timeline": [], "avg_gpu_w": 5587.16095890411, "avg_gpu_temp": null}
