/Users/ianreitsma/projects/orchard/orchard-env/lib/python3.9/site-packages/urllib3/__init__.py:35: NotOpenSSLWarning: urllib3 v2 only supports OpenSSL 1.1.1+, currently the 'ssl' module is compiled with 'LibreSSL 2.8.3'. See: https://github.com/urllib3/urllib3/issues/3020
  warnings.warn(
MPS available: True MPS built: True
[orchard] FlashAttention loaded (SHA e036b691…)
`loss_type=None` was set in the config but it is unrecognised.Using the default loss: `ForCausalLMLoss`.
[orchard][ref_flash_enabled_mac2-2-100_bf16] step 1/100 ( 1.0%)  wall=   1.9s  tps≈  546.8
[orchard][ref_flash_enabled_mac2-2-100_bf16] step 8/100 ( 8.0%)  wall=  12.2s  tps≈  670.7
[orchard][ref_flash_enabled_mac2-2-100_bf16] step 15/100 (15.0%)  wall=  22.5s  tps≈  681.2
[orchard][ref_flash_enabled_mac2-2-100_bf16] step 22/100 (22.0%)  wall=  32.9s  tps≈  684.6
[orchard][ref_flash_enabled_mac2-2-100_bf16] step 29/100 (29.0%)  wall=  43.3s  tps≈  685.4
[orchard][ref_flash_enabled_mac2-2-100_bf16] step 36/100 (36.0%)  wall=  53.9s  tps≈  683.3
[orchard][ref_flash_enabled_mac2-2-100_bf16] step 43/100 (43.0%)  wall=  64.4s  tps≈  683.4
[orchard][ref_flash_enabled_mac2-2-100_bf16] step 50/100 (50.0%)  wall=  75.0s  tps≈  682.4
[orchard][ref_flash_enabled_mac2-2-100_bf16] step 57/100 (57.0%)  wall=  85.6s  tps≈  681.8
[orchard][ref_flash_enabled_mac2-2-100_bf16] step 64/100 (64.0%)  wall=  96.2s  tps≈  681.3
[orchard][ref_flash_enabled_mac2-2-100_bf16] step 71/100 (71.0%)  wall= 106.7s  tps≈  681.5
[orchard][ref_flash_enabled_mac2-2-100_bf16] step 78/100 (78.0%)  wall= 117.2s  tps≈  681.6
[orchard][ref_flash_enabled_mac2-2-100_bf16] step 85/100 (85.0%)  wall= 127.6s  tps≈  682.4
[orchard][ref_flash_enabled_mac2-2-100_bf16] step 92/100 (92.0%)  wall= 137.8s  tps≈  683.7
[orchard][ref_flash_enabled_mac2-2-100_bf16] step 99/100 (99.0%)  wall= 148.1s  tps≈  684.6
[orchard][ref_flash_enabled_mac2-2-100_bf16] step 100/100 (100.0%)  wall= 149.6s  tps≈  684.3
JSON:{"schema": "orchard_bench_v1", "tag": "ref_flash_enabled_mac2-2-100_bf16", "commit": "d512501", "dataset_sha": "57f3eb280cfe78d8cebe3aa76d7416607845416e22464dd9709ccb487f8d7b92", "batch": 2, "seq": 512, "micro_steps": 100, "total_tokens": 102400, "throughput_tps": 682.99557505822, "tokenize_s": 0.4647, "copy_s": 2.2624, "copy_mb_s": 0.36, "train_s": 0.0, "host_to_gpu_mb": 0.82, "avg_loss_stub": 0.8721955718286335, "max_grad": 159.0, "dtype": "torch.bfloat16", "bf16": true, "flash": {"enabled": true, "sha": "e036b69162f349edcc4f5d14b31e837ec3ce67738ff188c228efeeaa9ea7cb2e", "built": "2025-07-01T02:55:39", "metal": "unknown"}, "metal_ver": "unknown", "seed": 42, "timeline": [], "avg_gpu_w": 5400.075657894737, "avg_gpu_temp": null}
