/Users/ianreitsma/projects/orchard/orchard-env/lib/python3.9/site-packages/urllib3/__init__.py:35: NotOpenSSLWarning: urllib3 v2 only supports OpenSSL 1.1.1+, currently the 'ssl' module is compiled with 'LibreSSL 2.8.3'. See: https://github.com/urllib3/urllib3/issues/3020
  warnings.warn(
MPS available: True MPS built: True
`loss_type=None` was set in the config but it is unrecognised.Using the default loss: `ForCausalLMLoss`.
[orchard][ref_mac2-3-100-gpu_bs2_no_flash_bf16] step 1/100 ( 1.0%)  wall=   1.9s  tps≈  547.6
[orchard][ref_mac2-3-100-gpu_bs2_no_flash_bf16] step 8/100 ( 8.0%)  wall=  11.9s  tps≈  687.2
[orchard][ref_mac2-3-100-gpu_bs2_no_flash_bf16] step 16/100 (16.0%)  wall=  23.3s  tps≈  703.3
[orchard][ref_mac2-3-100-gpu_bs2_no_flash_bf16] step 24/100 (24.0%)  wall=  34.7s  tps≈  709.1
[orchard][ref_mac2-3-100-gpu_bs2_no_flash_bf16] step 32/100 (32.0%)  wall=  46.0s  tps≈  712.6
[orchard][ref_mac2-3-100-gpu_bs2_no_flash_bf16] step 39/100 (39.0%)  wall=  56.0s  tps≈  713.0
[orchard][ref_mac2-3-100-gpu_bs2_no_flash_bf16] step 46/100 (46.0%)  wall=  66.3s  tps≈  710.5
[orchard][ref_mac2-3-100-gpu_bs2_no_flash_bf16] step 54/100 (54.0%)  wall=  77.6s  tps≈  712.9
[orchard][ref_mac2-3-100-gpu_bs2_no_flash_bf16] step 62/100 (62.0%)  wall=  88.9s  tps≈  713.9
[orchard][ref_mac2-3-100-gpu_bs2_no_flash_bf16] step 70/100 (70.0%)  wall= 100.2s  tps≈  715.1
[orchard][ref_mac2-3-100-gpu_bs2_no_flash_bf16] step 78/100 (78.0%)  wall= 111.6s  tps≈  715.6
[orchard][ref_mac2-3-100-gpu_bs2_no_flash_bf16] step 86/100 (86.0%)  wall= 123.0s  tps≈  716.2
[orchard][ref_mac2-3-100-gpu_bs2_no_flash_bf16] step 93/100 (93.0%)  wall= 133.6s  tps≈  712.7
[orchard][ref_mac2-3-100-gpu_bs2_no_flash_bf16] step 99/100 (99.0%)  wall= 144.1s  tps≈  703.4
[orchard][ref_mac2-3-100-gpu_bs2_no_flash_bf16] step 100/100 (100.0%)  wall= 145.9s  tps≈  701.9
JSON:{"schema": "orchard_bench_v1", "tag": "ref_mac2-3-100-gpu_bs2_no_flash_bf16", "commit": "d512501", "dataset_sha": "57f3eb280cfe78d8cebe3aa76d7416607845416e22464dd9709ccb487f8d7b92", "batch": 2, "seq": 512, "micro_steps": 100, "total_tokens": 102400, "throughput_tps": 698.5418441940792, "tokenize_s": 0.4703, "copy_s": 2.5004, "copy_mb_s": 0.33, "train_s": 0.0, "host_to_gpu_mb": 0.82, "avg_loss_stub": 0.8721955718286335, "max_grad": 159.0, "dtype": "torch.bfloat16", "bf16": true, "flash": {"enabled": false}, "metal_ver": "unknown", "seed": 42, "timeline": [], "avg_gpu_w": 5509.074324324324, "avg_gpu_temp": null}
