/Users/ianreitsma/projects/orchard/orchard-env/lib/python3.9/site-packages/urllib3/__init__.py:35: NotOpenSSLWarning: urllib3 v2 only supports OpenSSL 1.1.1+, currently the 'ssl' module is compiled with 'LibreSSL 2.8.3'. See: https://github.com/urllib3/urllib3/issues/3020
  warnings.warn(
MPS available: True MPS built: True
`loss_type=None` was set in the config but it is unrecognised.Using the default loss: `ForCausalLMLoss`.
[orchard][ref_mac2-1-100-gpu_bs2_no_flash_bf16] step 1/100 ( 1.0%)  wall=   1.9s  tps≈  533.5
[orchard][ref_mac2-1-100-gpu_bs2_no_flash_bf16] step 8/100 ( 8.0%)  wall=  12.6s  tps≈  650.7
[orchard][ref_mac2-1-100-gpu_bs2_no_flash_bf16] step 15/100 (15.0%)  wall=  23.2s  tps≈  661.3
[orchard][ref_mac2-1-100-gpu_bs2_no_flash_bf16] step 22/100 (22.0%)  wall=  33.7s  tps≈  667.5
[orchard][ref_mac2-1-100-gpu_bs2_no_flash_bf16] step 29/100 (29.0%)  wall=  44.0s  tps≈  674.9
[orchard][ref_mac2-1-100-gpu_bs2_no_flash_bf16] step 36/100 (36.0%)  wall=  54.5s  tps≈  676.8
[orchard][ref_mac2-1-100-gpu_bs2_no_flash_bf16] step 43/100 (43.0%)  wall=  64.7s  tps≈  680.4
[orchard][ref_mac2-1-100-gpu_bs2_no_flash_bf16] step 50/100 (50.0%)  wall=  75.2s  tps≈  680.8
[orchard][ref_mac2-1-100-gpu_bs2_no_flash_bf16] step 57/100 (57.0%)  wall=  85.4s  tps≈  683.6
[orchard][ref_mac2-1-100-gpu_bs2_no_flash_bf16] step 64/100 (64.0%)  wall=  95.6s  tps≈  685.4
[orchard][ref_mac2-1-100-gpu_bs2_no_flash_bf16] step 71/100 (71.0%)  wall= 105.6s  tps≈  688.2
[orchard][ref_mac2-1-100-gpu_bs2_no_flash_bf16] step 78/100 (78.0%)  wall= 115.8s  tps≈  689.9
[orchard][ref_mac2-1-100-gpu_bs2_no_flash_bf16] step 85/100 (85.0%)  wall= 126.0s  tps≈  690.5
[orchard][ref_mac2-1-100-gpu_bs2_no_flash_bf16] step 92/100 (92.0%)  wall= 136.5s  tps≈  690.1
[orchard][ref_mac2-1-100-gpu_bs2_no_flash_bf16] step 99/100 (99.0%)  wall= 146.9s  tps≈  690.2
[orchard][ref_mac2-1-100-gpu_bs2_no_flash_bf16] step 100/100 (100.0%)  wall= 148.5s  tps≈  689.6
JSON:{"schema": "orchard_bench_v1", "tag": "ref_mac2-1-100-gpu_bs2_no_flash_bf16", "commit": "d512501", "dataset_sha": "57f3eb280cfe78d8cebe3aa76d7416607845416e22464dd9709ccb487f8d7b92", "batch": 2, "seq": 512, "micro_steps": 100, "total_tokens": 102400, "throughput_tps": 688.1733145788575, "tokenize_s": 0.3451, "copy_s": 2.2403, "copy_mb_s": 0.37, "train_s": 0.0, "host_to_gpu_mb": 0.82, "avg_loss_stub": 0.8721955718286335, "max_grad": 159.0, "dtype": "torch.bfloat16", "bf16": true, "flash": {"enabled": false}, "metal_ver": "unknown", "seed": 42, "timeline": [], "avg_gpu_w": 5246.579470198675, "avg_gpu_temp": null}
