/Users/ianreitsma/projects/orchard/orchard-env/lib/python3.9/site-packages/urllib3/__init__.py:35: NotOpenSSLWarning: urllib3 v2 only supports OpenSSL 1.1.1+, currently the 'ssl' module is compiled with 'LibreSSL 2.8.3'. See: https://github.com/urllib3/urllib3/issues/3020
  warnings.warn(
MPS available: True MPS built: True
`loss_type=None` was set in the config but it is unrecognised.Using the default loss: `ForCausalLMLoss`.
[orchard][ref_mac2-2-100-gpu_bs2_no_flash_bf16] step 1/100 ( 1.0%)  wall=   1.9s  tps≈  543.4
[orchard][ref_mac2-2-100-gpu_bs2_no_flash_bf16] step 8/100 ( 8.0%)  wall=  12.5s  tps≈  657.2
[orchard][ref_mac2-2-100-gpu_bs2_no_flash_bf16] step 15/100 (15.0%)  wall=  22.9s  tps≈  669.4
[orchard][ref_mac2-2-100-gpu_bs2_no_flash_bf16] step 22/100 (22.0%)  wall=  33.3s  tps≈  676.6
[orchard][ref_mac2-2-100-gpu_bs2_no_flash_bf16] step 29/100 (29.0%)  wall=  44.0s  tps≈  675.6
[orchard][ref_mac2-2-100-gpu_bs2_no_flash_bf16] step 36/100 (36.0%)  wall=  54.4s  tps≈  678.0
[orchard][ref_mac2-2-100-gpu_bs2_no_flash_bf16] step 43/100 (43.0%)  wall=  65.3s  tps≈  674.6
[orchard][ref_mac2-2-100-gpu_bs2_no_flash_bf16] step 50/100 (50.0%)  wall=  75.7s  tps≈  676.1
[orchard][ref_mac2-2-100-gpu_bs2_no_flash_bf16] step 57/100 (57.0%)  wall=  86.2s  tps≈  677.3
[orchard][ref_mac2-2-100-gpu_bs2_no_flash_bf16] step 64/100 (64.0%)  wall=  96.4s  tps≈  679.7
[orchard][ref_mac2-2-100-gpu_bs2_no_flash_bf16] step 71/100 (71.0%)  wall= 106.8s  tps≈  680.4
[orchard][ref_mac2-2-100-gpu_bs2_no_flash_bf16] step 78/100 (78.0%)  wall= 117.7s  tps≈  678.8
[orchard][ref_mac2-2-100-gpu_bs2_no_flash_bf16] step 85/100 (85.0%)  wall= 128.3s  tps≈  678.5
[orchard][ref_mac2-2-100-gpu_bs2_no_flash_bf16] step 92/100 (92.0%)  wall= 138.7s  tps≈  679.0
[orchard][ref_mac2-2-100-gpu_bs2_no_flash_bf16] step 99/100 (99.0%)  wall= 149.5s  tps≈  678.1
[orchard][ref_mac2-2-100-gpu_bs2_no_flash_bf16] step 100/100 (100.0%)  wall= 151.1s  tps≈  677.8
JSON:{"schema": "orchard_bench_v1", "tag": "ref_mac2-2-100-gpu_bs2_no_flash_bf16", "commit": "d512501", "dataset_sha": "57f3eb280cfe78d8cebe3aa76d7416607845416e22464dd9709ccb487f8d7b92", "batch": 2, "seq": 512, "micro_steps": 100, "total_tokens": 102400, "throughput_tps": 676.5519950399839, "tokenize_s": 0.3676, "copy_s": 2.246, "copy_mb_s": 0.36, "train_s": 0.0, "host_to_gpu_mb": 0.82, "avg_loss_stub": 0.8721955718286335, "max_grad": 159.0, "dtype": "torch.bfloat16", "bf16": true, "flash": {"enabled": false}, "metal_ver": "unknown", "seed": 42, "timeline": [], "avg_gpu_w": 5297.5, "avg_gpu_temp": null}
